[    0.000000] Linux version 4.15.0-204-generic (buildd@lcy02-amd64-030) (gcc version 7.5.0 (Ubuntu 7.5.0-3ubuntu1~18.04)) #215-Ubuntu SMP Fri Jan 20 18:24:59 UTC 2023 (Ubuntu 4.15.0-204.215-generic 4.15.18)
[    0.000000] Command line: BOOT_IMAGE=/boot/vmlinuz-4.15.0-204-generic root=UUID=8c9df4af-2421-41f0-9879-928461d410ab ro console=tty1 console=ttyS0
[    0.000000] KERNEL supported cpus:
[    0.000000]   Intel GenuineIntel
[    0.000000]   AMD AuthenticAMD
[    0.000000]   Centaur CentaurHauls
[    0.000000] x86/fpu: x87 FPU will use FXSAVE
[    0.000000] e820: BIOS-provided physical RAM map:
[    0.000000] BIOS-e820: [mem 0x0000000000000000-0x000000000009fbff] usable
[    0.000000] BIOS-e820: [mem 0x000000000009fc00-0x000000000009ffff] reserved
[    0.000000] BIOS-e820: [mem 0x00000000000f0000-0x00000000000fffff] reserved
[    0.000000] BIOS-e820: [mem 0x0000000000100000-0x0000000063feffff] usable
[    0.000000] BIOS-e820: [mem 0x0000000063ff0000-0x0000000063ffffff] ACPI data
[    0.000000] BIOS-e820: [mem 0x00000000fec00000-0x00000000fec00fff] reserved
[    0.000000] BIOS-e820: [mem 0x00000000fee00000-0x00000000fee00fff] reserved
[    0.000000] BIOS-e820: [mem 0x00000000fffc0000-0x00000000ffffffff] reserved
[    0.000000] NX (Execute Disable) protection: active
[    0.000000] SMBIOS 2.5 present.
[    0.000000] DMI: innotek GmbH VirtualBox/VirtualBox, BIOS VirtualBox 12/01/2006
[    0.000000] Hypervisor detected: KVM
[    0.000000] e820: last_pfn = 0x63ff0 max_arch_pfn = 0x400000000
[    0.000000] MTRR: Disabled
[    0.000000] x86/PAT: MTRRs disabled, skipping PAT initialization too.
[    0.000000] CPU MTRRs all blank - virtualized system.
[    0.000000] x86/PAT: Configuration [0-7]: WB  WT  UC- UC  WB  WT  UC- UC  
[    0.000000] found SMP MP-table at [mem 0x0009fff0-0x0009ffff]
[    0.000000] Scanning 1 areas for low memory corruption
[    0.000000] RAMDISK: [mem 0x35819000-0x36c03fff]
[    0.000000] ACPI: Early table checksum verification disabled
[    0.000000] ACPI: RSDP 0x00000000000E0000 000024 (v02 VBOX  )
[    0.000000] ACPI: XSDT 0x0000000063FF0030 00003C (v01 VBOX   VBOXXSDT 00000001 ASL  00000061)
[    0.000000] ACPI: FACP 0x0000000063FF00F0 0000F4 (v04 VBOX   VBOXFACP 00000001 ASL  00000061)
[    0.000000] ACPI: DSDT 0x0000000063FF0470 002325 (v02 VBOX   VBOXBIOS 00000002 INTL 20100528)
[    0.000000] ACPI: FACS 0x0000000063FF0200 000040
[    0.000000] ACPI: FACS 0x0000000063FF0200 000040
[    0.000000] ACPI: APIC 0x0000000063FF0240 00005C (v02 VBOX   VBOXAPIC 00000001 ASL  00000061)
[    0.000000] ACPI: SSDT 0x0000000063FF02A0 0001CC (v01 VBOX   VBOXCPUT 00000002 INTL 20100528)
[    0.000000] ACPI: Reserving FACP table memory at [mem 0x63ff00f0-0x63ff01e3]
[    0.000000] ACPI: Reserving DSDT table memory at [mem 0x63ff0470-0x63ff2794]
[    0.000000] ACPI: Reserving FACS table memory at [mem 0x63ff0200-0x63ff023f]
[    0.000000] ACPI: Reserving FACS table memory at [mem 0x63ff0200-0x63ff023f]
[    0.000000] ACPI: Reserving APIC table memory at [mem 0x63ff0240-0x63ff029b]
[    0.000000] ACPI: Reserving SSDT table memory at [mem 0x63ff02a0-0x63ff046b]
[    0.000000] No NUMA configuration found
[    0.000000] Faking a node at [mem 0x0000000000000000-0x0000000063feffff]
[    0.000000] NODE_DATA(0) allocated [mem 0x63fc5000-0x63feffff]
[    0.000000] kvm-clock: cpu 0, msr 0:63f44001, primary cpu clock
[    0.000000] kvm-clock: Using msrs 4b564d01 and 4b564d00
[    0.000000] kvm-clock: using sched offset of 4765307390 cycles
[    0.000000] clocksource: kvm-clock: mask: 0xffffffffffffffff max_cycles: 0x1cd42e4dffb, max_idle_ns: 881590591483 ns
[    0.000000] Zone ranges:
[    0.000000]   DMA      [mem 0x0000000000001000-0x0000000000ffffff]
[    0.000000]   DMA32    [mem 0x0000000001000000-0x0000000063feffff]
[    0.000000]   Normal   empty
[    0.000000]   Device   empty
[    0.000000] Movable zone start for each node
[    0.000000] Early memory node ranges
[    0.000000]   node   0: [mem 0x0000000000001000-0x000000000009efff]
[    0.000000]   node   0: [mem 0x0000000000100000-0x0000000063feffff]
[    0.000000] Reserved but unavailable: 104 pages
[    0.000000] Initmem setup node 0 [mem 0x0000000000001000-0x0000000063feffff]
[    0.000000] ACPI: PM-Timer IO Port: 0x4008
[    0.000000] IOAPIC[0]: apic_id 2, version 32, address 0xfec00000, GSI 0-23
[    0.000000] ACPI: INT_SRC_OVR (bus 0 bus_irq 0 global_irq 2 dfl dfl)
[    0.000000] ACPI: INT_SRC_OVR (bus 0 bus_irq 9 global_irq 9 low level)
[    0.000000] Using ACPI (MADT) for SMP configuration information
[    0.000000] smpboot: Allowing 2 CPUs, 0 hotplug CPUs
[    0.000000] PM: Registered nosave memory: [mem 0x00000000-0x00000fff]
[    0.000000] PM: Registered nosave memory: [mem 0x0009f000-0x0009ffff]
[    0.000000] PM: Registered nosave memory: [mem 0x000a0000-0x000effff]
[    0.000000] PM: Registered nosave memory: [mem 0x000f0000-0x000fffff]
[    0.000000] e820: [mem 0x64000000-0xfebfffff] available for PCI devices
[    0.000000] Booting paravirtualized kernel on KVM
[    0.000000] clocksource: refined-jiffies: mask: 0xffffffff max_cycles: 0xffffffff, max_idle_ns: 7645519600211568 ns
[    0.000000] setup_percpu: NR_CPUS:8192 nr_cpumask_bits:2 nr_cpu_ids:2 nr_node_ids:1
[    0.000000] percpu: Embedded 50 pages/cpu s167936 r8192 d28672 u1048576
[    0.000000] PV qspinlock hash table entries: 256 (order: 0, 4096 bytes)
[    0.000000] Built 1 zonelists, mobility grouping on.  Total pages: 403065
[    0.000000] Policy zone: DMA32
[    0.000000] Kernel command line: BOOT_IMAGE=/boot/vmlinuz-4.15.0-204-generic root=UUID=8c9df4af-2421-41f0-9879-928461d410ab ro console=tty1 console=ttyS0
[    0.000000] Memory: 1561360K/1637944K available (12300K kernel code, 2477K rwdata, 4324K rodata, 2480K init, 2720K bss, 76584K reserved, 0K cma-reserved)
[    0.000000] SLUB: HWalign=64, Order=0-3, MinObjects=0, CPUs=2, Nodes=1
[    0.000000] Kernel/User page tables isolation: enabled
[    0.000000] ftrace: allocating 39488 entries in 155 pages
[    0.004000] Hierarchical RCU implementation.
[    0.004000] 	RCU restricting CPUs from NR_CPUS=8192 to nr_cpu_ids=2.
[    0.004000] 	Tasks RCU enabled.
[    0.004000] RCU: Adjusting geometry for rcu_fanout_leaf=16, nr_cpu_ids=2
[    0.004000] NR_IRQS: 524544, nr_irqs: 440, preallocated irqs: 16
[    0.004000] Console: colour VGA+ 80x25
[    0.004000] console [tty1] enabled
[    0.004000] console [ttyS0] enabled
[    0.004000] ACPI: Core revision 20170831
[    0.004000] ACPI: 2 ACPI AML tables successfully acquired and loaded
[    0.004000] APIC: Switch to symmetric I/O mode setup
[    0.004000] ..TIMER: vector=0x30 apic1=0 pin1=2 apic2=-1 pin2=-1
[    0.004000] tsc: Detected 2711.998 MHz processor
[    0.004000] Calibrating delay loop (skipped) preset value.. 5423.99 BogoMIPS (lpj=10847992)
[    0.004006] pid_max: default: 32768 minimum: 301
[    0.008108] Security Framework initialized
[    0.012004] Yama: becoming mindful.
[    0.016107] AppArmor: AppArmor initialized
[    0.038152] Dentry cache hash table entries: 262144 (order: 9, 2097152 bytes)
[    0.049115] Inode-cache hash table entries: 131072 (order: 8, 1048576 bytes)
[    0.052192] Mount-cache hash table entries: 4096 (order: 3, 32768 bytes)
[    0.056219] Mountpoint-cache hash table entries: 4096 (order: 3, 32768 bytes)
[    0.065583] Last level iTLB entries: 4KB 64, 2MB 8, 4MB 8
[    0.068006] Last level dTLB entries: 4KB 64, 2MB 0, 4MB 0, 1GB 4
[    0.072010] Spectre V1 : Mitigation: usercopy/swapgs barriers and __user pointer sanitization
[    0.076006] Spectre V2 : Mitigation: Retpolines
[    0.080004] Spectre V2 : Spectre v2 / SpectreRSB mitigation: Filling RSB on context switch
[    0.084005] Spectre V2 : Spectre v2 / SpectreRSB : Filling RSB on VMEXIT
[    0.088008] RETBleed: WARNING: Spectre v2 mitigation leaves CPU vulnerable to RETBleed attacks, data leaks possible!
[    0.092008] RETBleed: Vulnerable
[    0.096006] Speculative Store Bypass: Vulnerable
[    0.100110] MDS: Mitigation: Clear CPU buffers
[    0.104005] MMIO Stale Data: Mitigation: Clear CPU buffers
[    0.108240] Freeing SMP alternatives memory: 36K
[    0.225910] smpboot: CPU0: Intel(R) Core(TM) i5-7200U CPU @ 2.50GHz (family: 0x6, model: 0x8e, stepping: 0x9)
[    0.228524] Performance Events: unsupported p6 CPU model 142 no PMU driver, software events only.
[    0.232119] Hierarchical SRCU implementation.
[    0.236897] NMI watchdog: Perf event create on CPU 0 failed with -2
[    0.240004] NMI watchdog: Perf NMI watchdog permanently disabled
[    0.244423] smp: Bringing up secondary CPUs ...
[    0.249075] x86: Booting SMP configuration:
[    0.252099] .... node  #0, CPUs:      #1
[    0.004000] kvm-clock: cpu 1, msr 0:63f44041, secondary cpu clock
[    0.268000] TSC synchronization [CPU#0 -> CPU#1]:
[    0.268000] Measured 102695 cycles TSC warp between CPUs, turning off TSC clock.
[    0.268000] tsc: Marking TSC unstable due to check_tsc_sync_source failed
[    0.276320] smp: Brought up 1 node, 2 CPUs
[    0.280007] smpboot: Max logical packages: 1
[    0.288006] smpboot: Total of 2 processors activated (10847.99 BogoMIPS)
[    0.296663] devtmpfs: initialized
[    0.300136] x86/mm: Memory block size: 128MB
[    0.304593] evm: security.selinux
[    0.308004] evm: security.SMACK64
[    0.312003] evm: security.SMACK64EXEC
[    0.316003] evm: security.SMACK64TRANSMUTE
[    0.320003] evm: security.SMACK64MMAP
[    0.324003] evm: security.apparmor
[    0.328003] evm: security.ima
[    0.332003] evm: security.capability
[    0.336474] clocksource: jiffies: mask: 0xffffffff max_cycles: 0xffffffff, max_idle_ns: 7645041785100000 ns
[    0.340011] futex hash table entries: 512 (order: 3, 32768 bytes)
[    0.344195] pinctrl core: initialized pinctrl subsystem
[    0.348739] RTC time: 10:24:07, date: 02/15/23
[    0.356452] NET: Registered protocol family 16
[    0.360217] audit: initializing netlink subsys (disabled)
[    0.364259] audit: type=2000 audit(1676456653.021:1): state=initialized audit_enabled=0 res=1
[    0.376007] cpuidle: using governor ladder
[    0.380010] cpuidle: using governor menu
[    0.384045] ACPI: bus type PCI registered
[    0.388004] acpiphp: ACPI Hot Plug PCI Controller Driver version: 0.5
[    0.392649] PCI: Using configuration type 1 for base access
[    0.404140] HugeTLB registered 2.00 MiB page size, pre-allocated 0 pages
[    0.412415] ACPI: Added _OSI(Module Device)
[    0.420005] ACPI: Added _OSI(Processor Device)
[    0.424004] ACPI: Added _OSI(3.0 _SCP Extensions)
[    0.432004] ACPI: Added _OSI(Processor Aggregator Device)
[    0.444006] ACPI: Added _OSI(Linux-Dell-Video)
[    0.448005] ACPI: Added _OSI(Linux-Lenovo-NV-HDMI-Audio)
[    0.456008] ACPI: Added _OSI(Linux-HPI-Hybrid-Graphics)
[    0.465188] ACPI: Executed 1 blocks of module-level executable AML code
[    0.481831] ACPI: Interpreter enabled
[    0.484017] ACPI: (supports S0 S5)
[    0.492005] ACPI: Using IOAPIC for interrupt routing
[    0.496592] PCI: Using host bridge windows from ACPI; if necessary, use "pci=nocrs" and report a bug
[    0.508332] ACPI: Enabled 2 GPEs in block 00 to 07
[    0.529250] ACPI: PCI Root Bridge [PCI0] (domain 0000 [bus 00-ff])
[    0.536010] acpi PNP0A03:00: _OSC: OS supports [ASPM ClockPM Segments MSI]
[    0.544966] acpi PNP0A03:00: _OSC: not requesting OS control; OS requires [ExtendedConfig ASPM ClockPM MSI]
[    0.556018] acpi PNP0A03:00: fail to add MMCONFIG information, can't access extended PCI configuration space under this bridge.
[    0.572977] PCI host bridge to bus 0000:00
[    0.580007] pci_bus 0000:00: root bus resource [io  0x0000-0x0cf7 window]
[    0.588008] pci_bus 0000:00: root bus resource [io  0x0d00-0xffff window]
[    0.596005] pci_bus 0000:00: root bus resource [mem 0x000a0000-0x000bffff window]
[    0.604007] pci_bus 0000:00: root bus resource [mem 0x64000000-0xfdffffff window]
[    0.616006] pci_bus 0000:00: root bus resource [bus 00-ff]
[    0.632597] pci 0000:00:01.1: legacy IDE quirk: reg 0x10: [io  0x01f0-0x01f7]
[    0.640006] pci 0000:00:01.1: legacy IDE quirk: reg 0x14: [io  0x03f6]
[    0.648004] pci 0000:00:01.1: legacy IDE quirk: reg 0x18: [io  0x0170-0x0177]
[    0.656008] pci 0000:00:01.1: legacy IDE quirk: reg 0x1c: [io  0x0376]
[    0.694814] pci 0000:00:07.0: quirk: [io  0x4000-0x403f] claimed by PIIX4 ACPI
[    0.704049] pci 0000:00:07.0: quirk: [io  0x4100-0x410f] claimed by PIIX4 SMB
[    0.731495] ACPI: PCI Interrupt Link [LNKA] (IRQs 5 9 10 *11)
[    0.740731] ACPI: PCI Interrupt Link [LNKB] (IRQs 5 9 *10 11)
[    0.748278] ACPI: PCI Interrupt Link [LNKC] (IRQs 5 *9 10 11)
[    0.756023] ACPI: PCI Interrupt Link [LNKD] (IRQs 5 9 10 *11)
[    0.764838] SCSI subsystem initialized
[    0.768277] pci 0000:00:02.0: vgaarb: setting as boot VGA device
[    0.772000] pci 0000:00:02.0: vgaarb: VGA device added: decodes=io+mem,owns=io+mem,locks=none
[    0.788011] pci 0000:00:02.0: vgaarb: bridge control possible
[    0.796004] vgaarb: loaded
[    0.800065] ACPI: bus type USB registered
[    0.804023] usbcore: registered new interface driver usbfs
[    0.812017] usbcore: registered new interface driver hub
[    0.820017] usbcore: registered new device driver usb
[    0.828242] EDAC MC: Ver: 3.0.0
[    0.836198] PCI: Using ACPI for IRQ routing
[    0.841168] NetLabel: Initializing
[    0.848003] NetLabel:  domain hash size = 128
[    0.852003] NetLabel:  protocols = UNLABELED CIPSOv4 CALIPSO
[    0.860168] NetLabel:  unlabeled traffic allowed by default
[    0.868343] clocksource: Switched to clocksource kvm-clock
[    0.925162] VFS: Disk quotas dquot_6.6.0
[    0.932410] VFS: Dquot-cache hash table entries: 512 (order 0, 4096 bytes)
[    0.940939] AppArmor: AppArmor Filesystem Enabled
[    0.947170] pnp: PnP ACPI init
[    0.954000] pnp: PnP ACPI: found 3 devices
[    0.969260] clocksource: acpi_pm: mask: 0xffffff max_cycles: 0xffffff, max_idle_ns: 2085701024 ns
[    0.980889] NET: Registered protocol family 2
[    0.988487] IP idents hash table entries: 32768 (order: 6, 262144 bytes)
[    0.997731] TCP established hash table entries: 16384 (order: 5, 131072 bytes)
[    1.007632] TCP bind hash table entries: 16384 (order: 6, 262144 bytes)
[    1.017111] TCP: Hash tables configured (established 16384 bind 16384)
[    1.026021] UDP hash table entries: 1024 (order: 3, 32768 bytes)
[    1.034038] UDP-Lite hash table entries: 1024 (order: 3, 32768 bytes)
[    1.042115] NET: Registered protocol family 1
[    1.048080] pci 0000:00:00.0: Limiting direct PCI/PCI transfers
[    1.055746] pci 0000:00:01.0: Activating ISA DMA hang workarounds
[    1.063536] pci 0000:00:02.0: Video device with shadowed ROM at [mem 0x000c0000-0x000dffff]
[    1.075598] Unpacking initramfs...
[    1.226107] Freeing initrd memory: 20396K
[    1.651045] clocksource: tsc: mask: 0xffffffffffffffff max_cycles: 0x27178451938, max_idle_ns: 440795251172 ns
[    1.662885] platform rtc_cmos: registered platform RTC device (no PNP device found)
[    1.672679] Scanning for low memory corruption every 60 seconds
[    1.682213] Initialise system trusted keyrings
[    1.688543] Key type blacklist registered
[    1.694741] workingset: timestamp_bits=36 max_order=19 bucket_order=0
[    1.704840] zbud: loaded
[    1.710926] squashfs: version 4.0 (2009/01/31) Phillip Lougher
[    1.719601] fuse init (API version 7.26)
[    1.757874] Key type asymmetric registered
[    1.763782] Asymmetric key parser 'x509' registered
[    1.770414] Block layer SCSI generic (bsg) driver version 0.4 loaded (major 246)
[    1.780339] io scheduler noop registered
[    1.786073] io scheduler deadline registered
[    1.792086] io scheduler cfq registered (default)
[    1.799636] ACPI: AC Adapter [AC] (on-line)
[    1.805553] input: Power Button as /devices/LNXSYSTM:00/LNXPWRBN:00/input/input0
[    1.815407] ACPI: Power Button [PWRF]
[    1.820924] input: Sleep Button as /devices/LNXSYSTM:00/LNXSLPBN:00/input/input1
[    1.829590] ACPI: Sleep Button [SLPF]
[    1.836047] Serial: 8250/16550 driver, 32 ports, IRQ sharing enabled
[    1.837876] ACPI: Battery Slot [BAT0] (battery present)
[    1.884823] 00:02: ttyS0 at I/O 0x3f8 (irq = 4, base_baud = 115200) is a 16550A
[    1.896174] Linux agpgart interface v0.103
[    1.909695] loop: module loaded
[    1.919137] scsi host0: ata_piix
[    1.925459] scsi host1: ata_piix
[    1.930364] ata1: PATA max UDMA/33 cmd 0x1f0 ctl 0x3f6 bmdma 0xd000 irq 14
[    1.939400] ata2: PATA max UDMA/33 cmd 0x170 ctl 0x376 bmdma 0xd008 irq 15
[    1.948447] tun: Universal TUN/TAP device driver, 1.6
[    1.957506] PPP generic driver version 2.4.2
[    1.963921] ehci_hcd: USB 2.0 'Enhanced' Host Controller (EHCI) Driver
[    1.971335] ehci-pci: EHCI PCI platform driver
[    1.976544] ehci-platform: EHCI generic platform driver
[    1.982509] ohci_hcd: USB 1.1 'Open' Host Controller (OHCI) Driver
[    1.989569] ohci-pci: OHCI PCI platform driver
[    1.994697] ohci-platform: OHCI generic platform driver
[    2.000563] uhci_hcd: USB Universal Host Controller Interface driver
[    2.009629] i8042: PNP: PS/2 Controller [PNP0303:PS2K,PNP0f03:PS2M] at 0x60,0x64 irq 1,12
[    2.023947] serio: i8042 KBD port at 0x60,0x64 irq 1
[    2.030459] serio: i8042 AUX port at 0x60,0x64 irq 12
[    2.038286] mousedev: PS/2 mouse device common for all mice
[    2.049761] rtc_cmos rtc_cmos: rtc core: registered rtc_cmos as rtc0
[    2.058972] rtc_cmos rtc_cmos: alarms up to one day, 114 bytes nvram
[    2.067053] input: AT Translated Set 2 keyboard as /devices/platform/i8042/serio0/input/input2
[    2.067238] i2c /dev entries driver
[    2.082636] device-mapper: uevent: version 1.0.3
[    2.090443] device-mapper: ioctl: 4.37.0-ioctl (2017-09-20) initialised: dm-devel@redhat.com
[    2.101691] ledtrig-cpu: registered to indicate activity on CPUs
[    2.179093] NET: Registered protocol family 10
[    2.199061] Segment Routing with IPv6
[    2.204737] NET: Registered protocol family 17
[    2.211829] Key type dns_resolver registered
[    2.219341] mce: Using 0 MCE banks
[    2.224705] RAS: Correctable Errors collector initialized.
[    2.232601] sched_clock: Marking stable (2232540633, 0)->(3258147580, -1025606947)
[    2.249555] registered taskstats version 1
[    2.255429] Loading compiled-in X.509 certificates
[    2.271834] Loaded X.509 cert 'Build time autogenerated kernel key: 449f52b446813ee48ad446aa51a5377584e80c28'
[    2.285124] Loaded X.509 cert 'Canonical Ltd. Live Patch Signing: 14df34d1a87cf37625abec039ef2bf521249b969'
[    2.301069] Loaded X.509 cert 'Canonical Ltd. Kernel Module Signing: 88f752e560a1e0737e31163a466ad7b70a850c19'
[    2.315334] blacklist: Loading compiled-in revocation X.509 certificates
[    2.325198] Loaded X.509 cert 'Canonical Ltd. Secure Boot Signing: 61482aa2830d0ab2ad5af10b7250da9033ddcef0'
[    2.338051] Loaded X.509 cert 'Canonical Ltd. Secure Boot Signing (2017): 242ade75ac4a15e50d50c84b0d45ff3eae707a03'
[    2.352122] Loaded X.509 cert 'Canonical Ltd. Secure Boot Signing (ESM 2018): 365188c1d374d6b07c3c8f240f8ef722433d6a8b'
[    2.364365] Loaded X.509 cert 'Canonical Ltd. Secure Boot Signing (2019): c0746fd6c5da3ae827864651ad66ae47fe24b3e8'
[    2.376979] Loaded X.509 cert 'Canonical Ltd. Secure Boot Signing (2021 v1): a8d54bbb3825cfb94fa13c9f8a594a195c107b8d'
[    2.389852] Loaded X.509 cert 'Canonical Ltd. Secure Boot Signing (2021 v2): 4cf046892d6fd3c9a5b03f98d845f90851dc6a8c'
[    2.402586] Loaded X.509 cert 'Canonical Ltd. Secure Boot Signing (2021 v3): 100437bb6de6e469b581e61cd66bce3ef4ed53af'
[    2.415581] Loaded X.509 cert 'Canonical Ltd. Secure Boot Signing (Ubuntu Core 2019): c1d57b8f6b743f23ee41f4f7ee292f06eecadfb9'
[    2.429447] zswap: loaded using pool lzo/zbud
[    2.448833] Key type big_key registered
[    2.454463] Key type trusted registered
[    2.465062] Key type encrypted registered
[    2.470511] AppArmor: AppArmor sha1 policy hashing enabled
[    2.477031] ima: No TPM chip found, activating TPM-bypass! (rc=-19)
[    2.484001] ima: Allocated hash algorithm: sha1
[    2.489634] evm: HMAC attrs: 0x1
[    2.495093]   Magic number: 11:535:426
[    2.501036] rtc_cmos rtc_cmos: setting system clock to 2023-02-15 10:24:09 UTC (1676456649)
[    2.511575] BIOS EDD facility v0.16 2004-Jun-25, 0 devices found
[    2.519078] EDD information not available.
[    2.528289] Freeing unused kernel image memory: 2480K
[    2.552287] Write protecting the kernel read-only data: 20480k
[    2.561673] Freeing unused kernel image memory: 2008K
[    2.569088] Freeing unused kernel image memory: 1820K
[    2.582169] x86/mm: Checked W+X mappings: passed, no W+X pages found.
[    2.590032] x86/mm: Checking user space page tables
[    2.601319] x86/mm: Checked W+X mappings: passed, no W+X pages found.
Loading, please wait...
starting version 237
[    2.750385] e1000: Intel(R) PRO/1000 Network Driver - version 7.3.21-k8-NAPI
[    2.759654] e1000: Copyright (c) 1999-2006 Intel Corporation.
[    2.777562] Fusion MPT base driver 3.04.20
[    2.782632] Copyright (c) 1999-2008 LSI Corporation
[    2.804804] Fusion MPT SPI Host driver 3.04.20
[    3.027695] input: ImExPS/2 Generic Explorer Mouse as /devices/platform/i8042/serio1/input/input4
[    3.625823] e1000 0000:00:03.0 eth0: (PCI:33MHz:32-bit) 02:d4:40:b8:a4:a0
[    3.634418] e1000 0000:00:03.0 eth0: Intel(R) PRO/1000 Network Connection
[    4.398518] e1000 0000:00:08.0 eth1: (PCI:33MHz:32-bit) 08:00:27:72:6e:41
[    4.406661] e1000 0000:00:08.0 eth1: Intel(R) PRO/1000 Network Connection
[    4.417631] mptbase: ioc0: Initiating bringup
[    4.679273] ioc0: LSI53C1030 A0: Capabilities={Initiator}
[    5.766135] scsi host2: ioc0: LSI53C1030 A0, FwRev=00000000h, Ports=1, MaxQ=256, IRQ=20
[    6.220677] scsi 2:0:0:0: Direct-Access     VBOX     HARDDISK         1.0  PQ: 0 ANSI: 5
[    6.268400] scsi target2:0:0: Beginning Domain Validation
[    6.301265] scsi target2:0:0: Domain Validation skipping write tests
[    6.309251] scsi target2:0:0: Ending Domain Validation
[    6.316774] scsi target2:0:0: asynchronous
[    6.325785] scsi 2:0:1:0: Direct-Access     VBOX     HARDDISK         1.0  PQ: 0 ANSI: 5
[    6.688212] scsi target2:0:1: Beginning Domain Validation
[    6.711709] scsi target2:0:1: Domain Validation skipping write tests
[    6.721679] scsi target2:0:1: Ending Domain Validation
[    6.736733] scsi target2:0:1: asynchronous
[    6.770794] sd 2:0:0:0: Attached scsi generic sg0 type 0
[    6.780095] sd 2:0:1:0: Attached scsi generic sg1 type 0
[    6.784595] sd 2:0:0:0: [sda] 83886080 512-byte logical blocks: (42.9 GB/40.0 GiB)
[    6.800735] sd 2:0:0:0: [sda] Write Protect is off
[    6.811113] sd 2:0:0:0: [sda] Incomplete mode parameter data
[    6.820413] sd 2:0:0:0: [sda] Assuming drive cache: write through
[    6.829901] sd 2:0:1:0: [sdb] 20480 512-byte logical blocks: (10.5 MB/10.0 MiB)
[    6.845524] sd 2:0:1:0: [sdb] Write Protect is off
[    6.853055]  sda: sda1
[    6.861525] sd 2:0:0:0: [sda] Attached SCSI disk
[    6.868498] sd 2:0:1:0: [sdb] Incomplete mode parameter data
[    6.875137] sd 2:0:1:0: [sdb] Assuming drive cache: write through
[    6.928250] sd 2:0:1:0: [sdb] Attached SCSI disk
[    7.117795] e1000 0000:00:09.0 eth2: (PCI:33MHz:32-bit) 08:00:27:69:88:70
[    7.126262] e1000 0000:00:09.0 eth2: Intel(R) PRO/1000 Network Connection
[    7.137406] e1000 0000:00:03.0 enp0s3: renamed from eth0
[    7.156791] e1000 0000:00:09.0 enp0s9: renamed from eth2
[   52.243638] e1000 0000:00:08.0 enp0s8: renamed from eth1
Begin: Loading essential drivers ... [   54.597986] raid6: sse2x1   gen()  9522 MB/s
[   54.652589] raid6: sse2x1   xor()  7320 MB/s
[   55.239075] raid6: sse2x2   gen() 166053 MB/s
[   55.296195] raid6: sse2x2   xor()  7395 MB/s
[   55.351876] raid6: sse2x4   gen() 13541 MB/s
[   55.415256] raid6: sse2x4   xor() 11165 MB/s
[   55.421067] raid6: using algorithm sse2x2 gen() 166053 MB/s
[   55.427328] raid6: .... xor() 7395 MB/s, rmw enabled
[   55.433432] raid6: using ssse3x2 recovery algorithm
[   55.442130] xor: measuring software checksum speed
[   55.484638]    prefetch64-sse: 13366.000 MB/sec
[   55.528580]    generic_sse:  9786.000 MB/sec
[   55.534961] xor: using function: prefetch64-sse (13366.000 MB/sec)
[   55.544660] async_tx: api initialized (async)
done.
Begin: Running /scripts/init-premount ... done.
Begin: Mounting root file system ... Begin: Running /scripts/local-top ... done.
Begin: Running /scripts/local-premount ... [   55.651743] Btrfs loaded, crc32c=crc32c-intel
Scanning for Btrfs filesystems
done.
Begin: Will now check root file system ... fsck from util-linux 2.31.1
[/sbin/fsck.ext4 (1) -- /dev/sda1] fsck.ext4 -a -C0 /dev/sda1 
cloudimg-rootfs: clean, 98780/5120000 files, 739071/10485499 blocks
done.
[   55.887884] EXT4-fs (sda1): mounted filesystem with ordered data mode. Opts: (null)
done.
Begin: Running /scripts/local-bottom ... done.
Begin: Running /scripts/init-bottom ... done.
[   57.185563] ip_tables: (C) 2000-2006 Netfilter Core Team
[   57.344905] systemd[1]: systemd 237 running in system mode. (+PAM +AUDIT +SELINUX +IMA +APPARMOR +SMACK +SYSVINIT +UTMP +LIBCRYPTSETUP +GCRYPT +GNUTLS +ACL +XZ +LZ4 +SECCOMP +BLKID +ELFUTILS +KMOD -IDN2 +IDN -PCRE2 default-hierarchy=hybrid)
[   57.368574] systemd[1]: Detected virtualization oracle.
[   57.374736] systemd[1]: Detected architecture x86-64.

Welcome to [1mUbuntu 18.04.6 LTS[0m!

[   57.467299] systemd[1]: Set hostname to <ubuntu-bionic>.
[   58.410453] random: crng init done
[   59.571477] systemd[1]: Created slice User and Session Slice.
[[0;32m  OK  [0m] Created slice User and Session Slice.
[   59.581299] systemd[1]: Reached target System Time Synchronized.
[[0;32m  OK  [0m] Reached target System Time Synchronized.
[   59.590898] systemd[1]: Reached target Swap.
[[0;32m  OK  [0m] Reached target Swap.
[   59.598394] systemd[1]: Set up automount Arbitrary Executable File Formats File System Automount Point.
[[0;32m  OK  [0m] Set up automount Arbitrary Executab…rmats File System Automount Point.
[   59.613860] systemd[1]: Started Forward Password Requests to Wall Directory Watch.
[[0;32m  OK  [0m] Started Forward Password Requests to Wall Directory Watch.
[   59.626942] systemd[1]: Reached target User and Group Name Lookups.
[[0;32m  OK  [0m] Reached target User and Group Name Lookups.
[[0;32m  OK  [0m] Created slice System Slice.
[[0;32m  OK  [0m] Reached target Slices.
[[0;32m  OK  [0m] Listening on LVM2 metadata daemon socket.
[[0;32m  OK  [0m] Created slice system-serial\x2dgetty.slice.
[[0;32m  OK  [0m] Listening on /dev/initctl Compatibility Named Pipe.
[[0;32m  OK  [0m] Listening on Journal Socket.
         Mounting Kernel Debug File System...
         Starting Load Kernel Modules...
         Mounting POSIX Message Queue File System...
[[0;32m  OK  [0m] Listening on udev Control Socket.
[[0;32m  OK  [0m] Listening on Device-mapper event daemon FIFOs.
         Starting Monitoring of LVM2 mirrors…ng dmeventd or progress polling...
[[0;32m  OK  [0m] Listening on Syslog Socket.
[[0;32m  OK  [0m] Listening on Journal Audit Socket.
         Mounting Huge Pages File System...
[[0;32m  OK  [0m] Listening on fsck to fsckd communication Socket.
         Starting Set the console keyboard layout...
[[0;32m  OK  [0m] Listening on Network Service Netlink Socket.
[[0;32m  OK  [0m] Listening on Journal Socket (/dev/log).
         Starting Uncomplicated firewall...
         Starting Create list of required st…ce nodes for the current kernel...
         Starting Journal Service...
[   59.892990] Loading iSCSI transport class v2.0-870.
[[0;32m  OK  [0m] Listening on LVM2 poll daemon socket.
[[0;32m  OK  [0m] Listening on udev Kernel Socket.
         Starting udev Coldplug all Devices...
         Starting Remount Root and Kernel File Systems...
[[0;32m  OK  [0m] Mounted Kernel Debug File System.
[[0;32m  OK  [0m] Mounted POSIX Message Queue File System.
[[0;32m  OK  [0m] Mounted Huge Pages File System.
[[0;32m  OK  [0m] Started Uncomplicated firewall.
[[0;32m  OK  [0m] Started Create list of required sta…vice nodes for the current kernel.
         Starting Create Static Device Nodes in /dev...
[[0;32m  OK  [0m] Started udev Coldplug all Devices.
[   60.094176] iscsi: registered transport (tcp)
[   60.128984] EXT4-fs (sda1): re-mounted. Opts: (null)
[[0;32m  OK  [0m] Started Remount Root and Kernel File Systems.
         Starting Load/Save Random Seed...
[[0;32m  OK  [0m] Started Journal Service.
[[0;32m  OK  [0m] Started Load/Save Random Seed.
         Starting Flush Journal to Persistent Storage...
[[0;32m  OK  [0m] Started Set the console keyboard layout.
[   60.649440] systemd-journald[388]: Received request to flush runtime journal from PID 1
[[0;32m  OK  [0m] Started LVM2 metadata daemon.
[   60.810808] iscsi: registered transport (iser)
[[0;32m  OK  [0m] Started Load Kernel Modules.
         Mounting Kernel Configuration File System...
         Mounting FUSE Control File System...
         Starting Apply Kernel Variables...
[[0;32m  OK  [0m] Mounted Kernel Configuration File System.
[[0;32m  OK  [0m] Mounted FUSE Control File System.
[[0;32m  OK  [0m] Started Create Static Device Nodes in /dev.
         Starting udev Kernel Device Manager...
[[0;32m  OK  [0m] Started Monitoring of LVM2 mirrors,…sing dmeventd or progress polling.
[[0;32m  OK  [0m] Reached target Local File Systems (Pre).
[[0;32m  OK  [0m] Reached target Local File Systems.
         Starting Set console font and keymap...
         Starting Tell Plymouth To Write Out Runtime Data...
         Starting AppArmor initialization...
         Starting ebtables ruleset management...
[[0;32m  OK  [0m] Started Apply Kernel Variables.
[[0;32m  OK  [0m] Started Set console font and keymap.
[[0;32m  OK  [0m] Started Tell Plymouth To Write Out Runtime Data.
[[0;32m  OK  [0m] Started udev Kernel Device Manager.
[[0;32m  OK  [0m] Started Dispatch Password Requests to Console Directory Watch.
[[0;32m  OK  [0m] Reached target Local Encrypted Volumes.
[[0;32m  OK  [0m] Found device /dev/ttyS0.
[[0;32m  OK  [0m] Started Flush Journal to Persistent Storage.
[[0;32m  OK  [0m] Listening on Load/Save RF Kill Switch Status /dev/rfkill Watch.
         Starting Create Volatile Files and Directories...
[[0;32m  OK  [0m] Started ebtables ruleset management.
[[0;32m  OK  [0m] Started Create Volatile Files and Directories.
         Starting Update UTMP about System Boot/Shutdown...
[[0;32m  OK  [0m] Started Update UTMP about System Boot/Shutdown.
[[0;32m  OK  [0m] Started AppArmor initialization.
         Starting Initial cloud-init job (pre-networking)...
         Starting Load AppArmor profiles managed internally by snapd...
         Mounting Arbitrary Executable File Formats File System...
[[0;32m  OK  [0m] Mounted Arbitrary Executable File Formats File System.
[[0;32m  OK  [0m] Started Load AppArmor profiles managed internally by snapd.
[   70.829631] cloud-init[533]: Cloud-init v. 22.3.4-0ubuntu1~18.04.1 running 'init-local' at Wed, 15 Feb 2023 10:25:17 +0000. Up 70.07 seconds.
[[0;32m  OK  [0m] Started Initial cloud-init job (pre-networking).
[[0;32m  OK  [0m] Reached target Network (Pre).
         Starting Network Service...
[[0;32m  OK  [0m] Started Network Service.
         Starting Wait for Network to be Configured...
         Starting Network Name Resolution...
[[0;32m  OK  [0m] Started Network Name Resolution.
[[0;32m  OK  [0m] Reached target Host and Network Name Lookups.
[[0;32m  OK  [0m] Reached target Network.
[[0;32m  OK  [0m] Started Wait for Network to be Configured.
         Starting Initial cloud-init job (metadata service crawler)...
[   74.290950] cloud-init[650]: Cloud-init v. 22.3.4-0ubuntu1~18.04.1 running 'init' at Wed, 15 Feb 2023 10:25:21 +0000. Up 74.09 seconds.
[   74.297750] cloud-init[650]: ci-info: ++++++++++++++++++++++++++++++++++++++Net device info+++++++++++++++++++++++++++++++++++++++
[   74.304296] cloud-init[650]: ci-info: +--------+------+-----------------------------+---------------+--------+-------------------+
[   74.310063] cloud-init[650]: ci-info: | Device |  Up  |           Address           |      Mask     | Scope  |     Hw-Address    |
[   74.315512] cloud-init[650]: ci-info: +--------+------+-----------------------------+---------------+--------+-------------------+
[   74.320577] cloud-init[650]: ci-info: | enp0s3 | True |          10.0.2.15          | 255.255.255.0 | global | 02:d4:40:b8:a4:a0 |
[   74.327599] cloud-init[650]: ci-info: | enp0s3 | True |  fe80::d4:40ff:feb8:a4a0/64 |       .       |  link  | 02:d4:40:b8:a4:a0 |
[   74.332739] cloud-init[650]: ci-info: | enp0s8 | True |        192.168.25.48        | 255.255.255.0 | global | 08:00:27:72:6e:41 |
[   74.339537] cloud-init[650]: ci-info: | enp0s8 | True | fe80::a00:27ff:fe72:6e41/64 |       .       |  link  | 08:00:27:72:6e:41 |
[   74.346494] cloud-init[650]: ci-info: | enp0s9 | True |        192.168.10.26        | 255.255.255.0 | global | 08:00:27:69:88:70 |
[   74.352276] cloud-init[650]: ci-info: | enp0s9 | True | fe80::a00:27ff:fe69:8870/64 |       .       |  link  | 08:00:27:69:88:70 |
[   74.357830] cloud-init[650]: ci-info: |   lo   | True |          127.0.0.1          |   255.0.0.0   |  host  |         .         |
[   74.363189] cloud-init[650]: ci-info: |   lo   | True |           ::1/128           |       .       |  host  |         .         |
[   74.369198] cloud-init[650]: ci-info: +--------+------+-----------------------------+---------------+--------+-------------------+
[   74.374906] cloud-init[650]: ci-info: +++++++++++++++++++++++++++++++Route IPv4 info+++++++++++++++++++++++++++++++
[   74.379804] cloud-init[650]: ci-info: +-------+--------------+--------------+-----------------+-----------+-------+
[   74.385128] cloud-init[650]: ci-info: | Route | Destination  |   Gateway    |     Genmask     | Interface | Flags |
[   74.390010] cloud-init[650]: ci-info: +-------+--------------+--------------+-----------------+-----------+-------+
[   74.395752] cloud-init[650]: ci-info: |   0   |   0.0.0.0    |   10.0.2.2   |     0.0.0.0     |   enp0s3  |   UG  |
[   74.405461] cloud-init[650]: ci-info: |   1   |   0.0.0.0    | 192.168.10.1 |     0.0.0.0     |   enp0s9  |   UG  |
[   74.415338] cloud-init[650]: ci-info: |   2   |   10.0.2.0   |   0.0.0.0    |  255.255.255.0  |   enp0s3  |   U   |
[   74.426821] cloud-init[650]: ci-info: |   3   |   10.0.2.2   |   0.0.0.0    | 255.255.255.255 |   enp0s3  |   UH  |
[   74.432776] cloud-init[650]: ci-info: |   4   | 192.168.10.0 |   0.0.0.0    |  255.255.255.0  |   enp0s9  |   U   |
[   74.439229] cloud-init[650]: ci-info: |   5   | 192.168.10.1 |   0.0.0.0    | 255.255.255.255 |   enp0s9  |   UH  |
[   74.445681] cloud-init[650]: ci-info: |   6   | 192.168.25.0 |   0.0.0.0    |  255.255.255.0  |   enp0s8  |   U   |
[   74.452022] cloud-init[650]: ci-info: +-------+--------------+--------------+-----------------+-----------+-------+
[   74.457885] cloud-init[650]: ci-info: +++++++++++++++++++Route IPv6 info+++++++++++++++++++
[   74.462008] cloud-init[650]: ci-info: +-------+-------------+---------+-----------+-------+
[   74.467069] cloud-init[650]: ci-info: | Route | Destination | Gateway | Interface | Flags |
[   74.471463] cloud-init[650]: ci-info: +-------+-------------+---------+-----------+-------+
[   74.475817] cloud-init[650]: ci-info: |   1   |  fe80::/64  |    ::   |   enp0s9  |   U   |
[   74.480795] cloud-init[650]: ci-info: |   2   |  fe80::/64  |    ::   |   enp0s3  |   U   |
[   74.485699] cloud-init[650]: ci-info: |   3   |  fe80::/64  |    ::   |   enp0s8  |   U   |
[   74.490254] cloud-init[650]: ci-info: |   5   |    local    |    ::   |   enp0s3  |   U   |
[   74.495316] cloud-init[650]: ci-info: |   6   |    local    |    ::   |   enp0s9  |   U   |
[   74.503778] cloud-init[650]: ci-info: |   7   |    local    |    ::   |   enp0s8  |   U   |
[   74.513003] cloud-init[650]: ci-info: |   8   |   ff00::/8  |    ::   |   enp0s9  |   U   |
[   74.521649] cloud-init[650]: ci-info: |   9   |   ff00::/8  |    ::   |   enp0s3  |   U   |
[   74.528068] cloud-init[650]: ci-info: |   10  |   ff00::/8  |    ::   |   enp0s8  |   U   |
[   74.533075] cloud-init[650]: ci-info: +-------+-------------+---------+-----------+-------+
[[0;32m  OK  [0m] Started Initial cloud-init job (metadata service crawler).
[[0;32m  OK  [0m] Reached target Network is Online.
         Starting Availability of block devices...
[[0;32m  OK  [0m] Reached target Remote File Systems (Pre).
         Mounting /vagrant_data...
         Mounting /vagrant...
[[0;32m  OK  [0m] Reached target System Initialization.
[[0;32m  OK  [0m] Started Ubuntu Advantage Timer for running repeated jobs.
         Starting Socket activation for snappy daemon.
[[0;32m  OK  [0m] Started Daily Cleanup of Temporary Directories.
[[0;32m  OK  [0m] Started Message of the Day.
[[0;32m  OK  [0m] Listening on D-Bus System Message Bus Socket.
[[0;32m  OK  [0m] Started ACPI Events Check.
[[0;32m  OK  [0m] Listening on cloud-init hotplug hook socket.
[[0;32m  OK  [0m] Listening on Open-iSCSI iscsid Socket.
[[0;32m  OK  [0m] Started Discard unused blocks once a week.
[[0;32m  OK  [0m] Reached target Paths.
[[0;32m  OK  [0m] Started Daily apt download activities.
         Starting LXD - unix socket.
[[0;32m  OK  [0m] Listening on ACPID Listen Socket.
[[0;32m  OK  [0m] Listening on UUID daemon activation socket.
[[0;32m  OK  [0m] Started Daily apt upgrade and clean activities.
[[0;32m  OK  [0m] Reached target Timers.
[[0;32m  OK  [0m] Reached target Cloud-config availability.
[[0;32m  OK  [0m] Started Availability of block devices.
[[0;32m  OK  [0m] Mounted /vagrant_data.
[[0;32m  OK  [0m] Mounted /vagrant.
[[0;32m  OK  [0m] Listening on Socket activation for snappy daemon.
[[0;32m  OK  [0m] Listening on LXD - unix socket.
[[0;32m  OK  [0m] Reached target Sockets.
[[0;32m  OK  [0m] Reached target Basic System.
[[0;32m  OK  [0m] Reached target Login Prompts (Pre).
[[0;32m  OK  [0m] Started Regular background program processing daemon.
         Starting System Logging Service...
         Starting Login Service...
[[0;32m  OK  [0m] Started D-Bus System Message Bus.
[[0;32m  OK  [0m] Started Login Service.
[[0;32m  OK  [0m] Started Unattended Upgrades Shutdown.
         Starting Dispatcher daemon for systemd-networkd...
[[0;32m  OK  [0m] Started irqbalance daemon.
         Starting LXD - container startup/shutdown...
         Starting Snap Daemon...
[[0;32m  OK  [0m] Started FUSE filesystem for LXC.
         Starting Virtualbox guest utils...
         Starting OpenBSD Secure Shell server...
         Starting LSB: Record successful boot for GRUB...
[[0;32m  OK  [0m] Started Deferred execution scheduler.
         Starting Accounts Service...
[[0;32m  OK  [0m] Reached target Remote File Systems.
         Starting Permit User Sessions...
         Starting LSB: automatic crash report generation...
[[0;32m  OK  [0m] Started System Logging Service.
[[0;32m  OK  [0m] Started Permit User Sessions.
         Starting Terminate Plymouth Boot Screen...
         Starting Hold until boot process finishes up...
[[0;32m  OK  [0m] Started Hold until boot process finishes up.
[[0;32m  OK  [0m] Started Serial Getty on ttyS0.
         Starting Set console scheme...
[[0;32m  OK  [0m] Started Terminate Plymouth Boot Screen.
[[0;32m  OK  [0m] Started Set console scheme.
[[0;32m  OK  [0m] Created slice system-getty.slice.
[[0;32m  OK  [0m] Started Getty on tty1.
[[0;32m  OK  [0m] Reached target Login Prompts.
[[0;32m  OK  [0m] Started LSB: automatic crash report generation.
[[0;32m  OK  [0m] Started LSB: Record successful boot for GRUB.
[[0;32m  OK  [0m] Started Virtualbox guest utils.
         Starting Authorization Manager...
[[0;32m  OK  [0m] Started OpenBSD Secure Shell server.
[[0;32m  OK  [0m] Started Authorization Manager.
[[0;32m  OK  [0m] Started Accounts Service.
[[0;32m  OK  [0m] Started Dispatcher daemon for systemd-networkd.

Ubuntu 18.04.6 LTS ubuntu-bionic ttyS0

ubuntu-bionic login: [   85.199149] cloud-init[1275]: Cloud-init v. 22.3.4-0ubuntu1~18.04.1 running 'modules:config' at Wed, 15 Feb 2023 10:25:31 +0000. Up 84.88 seconds.
[   86.388378] cloud-init[1342]: Cloud-init v. 22.3.4-0ubuntu1~18.04.1 running 'modules:final' at Wed, 15 Feb 2023 10:25:33 +0000. Up 86.01 seconds.
[   86.388694] cloud-init[1342]: Cloud-init v. 22.3.4-0ubuntu1~18.04.1 finished at Wed, 15 Feb 2023 10:25:33 +0000. Datasource DataSourceNoCloud [seed=/dev/sdb][dsmode=net].  Up 86.36 seconds
         Stopping User Manager for UID 1000...
[[0;32m  OK  [0m] Stopped target Graphical Interface.
         Stopping Accounts Service...
         Stopping Session 5 of user vagrant.
         Stopping Availability of block devices...
[[0;32m  OK  [0m] Stopped target Timers.
[[0;32m  OK  [0m] Stopped Daily apt upgrade and clean activities.
[[0;32m  OK  [0m] Stopped Message of the Day.
[[0;32m  OK  [0m] Stopped Daily apt download activities.
[[0;32m  OK  [0m] Stopped Daily Cleanup of Temporary Directories.
[[0;32m  OK  [0m] Stopped Discard unused blocks once a week.
[[0;32m  OK  [0m] Stopped target System Time Synchronized.
[[0;32m  OK  [0m] Stopped Ubuntu Advantage Timer for running repeated jobs.
         Stopping Authorization Manager...
[[0;32m  OK  [0m] Closed Load/Save RF Kill Switch Status /dev/rfkill Watch.
[[0;32m  OK  [0m] Stopped target Cloud-init target.
[[0;32m  OK  [0m] Stopped Execute cloud user/final scripts.
[[0;32m  OK  [0m] Stopped target Multi-User System.
         Stopping irqbalance daemon...
         Stopping LSB: Record successful boot for GRUB...
         Stopping OpenBSD Secure Shell server...
         Stopping Virtualbox guest utils...
         Stopping Dispatcher daemon for systemd-networkd...
         Stopping LSB: automatic crash report generation...
[[0;32m  OK  [0m] Stopped target Login Prompts.
         Stopping Getty on tty1...
         Stopping Deferred execution scheduler...
         Stopping Regular background program processing daemon...
         Stopping D-Bus System Message Bus...
         Stopping System Logging Service...
         Stopping The Apache HTTP Server...
         Stopping FUSE filesystem for LXC...
         Stopping LXD - container startup/shutdown...
         Stopping Serial Getty on ttyS0...
[[0;32m  OK  [0m] Stopped Apply the settings specified in cloud-config.
[[0;32m  OK  [0m] Stopped Wait until snapd is fully seeded.
[[0;32m  OK  [0m] Stopped target Cloud-config availability.
[[0;32m  OK  [0m] Unmounted /var/lib/lxcfs.
[[0;32m  OK  [0m] Stopped Regular background program processing daemon.
[[0;32m  OK  [0m] Stopped System Logging Service.
[[0;32m  OK  [0m] Stopped Dispatcher daemon for systemd-networkd.
[[0;32m  OK  [0m] Stopped irqbalance daemon.
[[0;32m  OK  [0m] Stopped Deferred execution scheduler.
[[0;32m  OK  [0m] Stopped Accounts Service.
[[0;32m  OK  [0m] Stopped Serial Getty on ttyS0.
[[0;32m  OK  [0m] Stopped Getty on tty1.
[[0;32m  OK  [0m] Stopped Authorization Manager.
[[0;32m  OK  [0m] Stopped OpenBSD Secure Shell server.
[[0;32m  OK  [0m] Stopped User Manager for UID 1000.
[[0;32m  OK  [0m] Stopped Availability of block devices.
[[0;32m  OK  [0m] Stopped D-Bus System Message Bus.
[[0;32m  OK  [0m] Stopped FUSE filesystem for LXC.
[[0;32m  OK  [0m] Stopped Session 5 of user vagrant.
[[0;32m  OK  [0m] Stopped LXD - container startup/shutdown.
[[0;32m  OK  [0m] Stopped LSB: Record successful boot for GRUB.
[[0;32m  OK  [0m] Removed slice User Slice of vagrant.
         Stopping Login Service...
[[0;32m  OK  [0m] Removed slice system-getty.slice.
         Stopping Permit User Sessions...
[[0;32m  OK  [0m] Removed slice system-serial\x2dgetty.slice.
[[0;32m  OK  [0m] Stopped target Login Prompts (Pre).
[[0;32m  OK  [0m] Stopped The Apache HTTP Server.
[[0;32m  OK  [0m] Stopped LSB: automatic crash report generation.
[[0;32m  OK  [0m] Stopped Permit User Sessions.
[[0;32m  OK  [0m] Stopped Login Service.
[[0;32m  OK  [0m] Stopped target User and Group Name Lookups.
[[0;32m  OK  [0m] Stopped target Host and Network Name Lookups.
[[0;32m  OK  [0m] Stopped target Remote File Systems.
         Unmounting /vagrant...
         Unmounting /vagrant_data...
[[0;32m  OK  [0m] Stopped Virtualbox guest utils.
[[0;32m  OK  [0m] Stopped target Basic System.
[[0;32m  OK  [0m] Stopped target Sockets.
[[0;32m  OK  [0m] Closed D-Bus System Message Bus Socket.
[[0;32m  OK  [0m] Closed cloud-init hotplug hook socket.
[[0;32m  OK  [0m] Closed Syslog Socket.
[[0;32m  OK  [0m] Closed Open-iSCSI iscsid Socket.
[[0;32m  OK  [0m] Closed UUID daemon activation socket.
[[0;32m  OK  [0m] Closed LXD - unix socket.
[[0;32m  OK  [0m] Closed Socket activation for snappy daemon.
[[0;32m  OK  [0m] Closed ACPID Listen Socket.
[[0;32m  OK  [0m] Stopped target Paths.
[[0;32m  OK  [0m] Stopped ACPI Events Check.
[[0;32m  OK  [0m] Stopped target Slices.
[[0;32m  OK  [0m] Removed slice User and Session Slice.
[[0;32m  OK  [0m] Stopped target System Initialization.
         Stopping Load/Save Random Seed...
         Stopping Update UTMP about System Boot/Shutdown...
[[0;32m  OK  [0m] Stopped target Local Encrypted Volumes.
[[0;32m  OK  [0m] Stopped Forward Password Requests to Wall Directory Watch.
[[0;32m  OK  [0m] Stopped Dispatch Password Requests to Console Directory Watch.
[[0;32m  OK  [0m] Unmounted /vagrant.
[[0;32m  OK  [0m] Unmounted /vagrant_data.
[[0;32m  OK  [0m] Stopped target Network is Online.
[[0;32m  OK  [0m] Stopped Initial cloud-init job (metadata service crawler).
[[0;32m  OK  [0m] Stopped target Network.
         Stopping Network Name Resolution...
[[0;32m  OK  [0m] Stopped target Remote File Systems (Pre).
[[0;32m  OK  [0m] Stopped Load/Save Random Seed.
[[0;32m  OK  [0m] Stopped Update UTMP about System Boot/Shutdown.
[[0;32m  OK  [0m] Stopped Network Name Resolution.
         Stopping Network Service...
[[0;32m  OK  [0m] Stopped Create Volatile Files and Directories.
[[0;32m  OK  [0m] Stopped target Local File Systems.
         Unmounting /run/user/1000...
[[0;32m  OK  [0m] Unmounted /run/user/1000.
[[0;32m  OK  [0m] Reached target Unmount All Filesystems.
[[0;32m  OK  [0m] Stopped target Swap.
[[0;32m  OK  [0m] Stopped target Local File Systems (Pre).
[[0;32m  OK  [0m] Stopped Create Static Device Nodes in /dev.
         Stopping Monitoring of LVM2 mirrors…ng dmeventd or progress polling...
[[0;32m  OK  [0m] Stopped Monitoring of LVM2 mirrors,…sing dmeventd or progress polling.
         Stopping LVM2 metadata daemon...
[[0;32m  OK  [0m] Stopped LVM2 metadata daemon.
[[0;32m  OK  [0m] Stopped Network Service.
[[0;32m  OK  [0m] Stopped target Network (Pre).
[[0;32m  OK  [0m] Stopped Initial cloud-init job (pre-networking).
[[0;32m  OK  [0m] Stopped Remount Root and Kernel File Systems.
[[0;32m  OK  [0m] Stopped Apply Kernel Variables.
[[0;32m  OK  [0m] Stopped Load Kernel Modules.
[[0;32m  OK  [0m] Reached target Shutdown.
[[0;32m  OK  [0m] Reached target Final Step.
         Starting Power-Off...
[ 1057.136723] reboot: Power down
