[    0.000000] Linux version 4.15.0-204-generic (buildd@lcy02-amd64-030) (gcc version 7.5.0 (Ubuntu 7.5.0-3ubuntu1~18.04)) #215-Ubuntu SMP Fri Jan 20 18:24:59 UTC 2023 (Ubuntu 4.15.0-204.215-generic 4.15.18)
[    0.000000] Command line: BOOT_IMAGE=/boot/vmlinuz-4.15.0-204-generic root=UUID=8c9df4af-2421-41f0-9879-928461d410ab ro console=tty1 console=ttyS0
[    0.000000] KERNEL supported cpus:
[    0.000000]   Intel GenuineIntel
[    0.000000]   AMD AuthenticAMD
[    0.000000]   Centaur CentaurHauls
[    0.000000] x86/fpu: x87 FPU will use FXSAVE
[    0.000000] e820: BIOS-provided physical RAM map:
[    0.000000] BIOS-e820: [mem 0x0000000000000000-0x000000000009fbff] usable
[    0.000000] BIOS-e820: [mem 0x000000000009fc00-0x000000000009ffff] reserved
[    0.000000] BIOS-e820: [mem 0x00000000000f0000-0x00000000000fffff] reserved
[    0.000000] BIOS-e820: [mem 0x0000000000100000-0x000000003ffeffff] usable
[    0.000000] BIOS-e820: [mem 0x000000003fff0000-0x000000003fffffff] ACPI data
[    0.000000] BIOS-e820: [mem 0x00000000fec00000-0x00000000fec00fff] reserved
[    0.000000] BIOS-e820: [mem 0x00000000fee00000-0x00000000fee00fff] reserved
[    0.000000] BIOS-e820: [mem 0x00000000fffc0000-0x00000000ffffffff] reserved
[    0.000000] NX (Execute Disable) protection: active
[    0.000000] SMBIOS 2.5 present.
[    0.000000] DMI: innotek GmbH VirtualBox/VirtualBox, BIOS VirtualBox 12/01/2006
[    0.000000] Hypervisor detected: KVM
[    0.000000] e820: last_pfn = 0x3fff0 max_arch_pfn = 0x400000000
[    0.000000] MTRR: Disabled
[    0.000000] x86/PAT: MTRRs disabled, skipping PAT initialization too.
[    0.000000] CPU MTRRs all blank - virtualized system.
[    0.000000] x86/PAT: Configuration [0-7]: WB  WT  UC- UC  WB  WT  UC- UC  
[    0.000000] found SMP MP-table at [mem 0x0009fff0-0x0009ffff]
[    0.000000] Scanning 1 areas for low memory corruption
[    0.000000] RAMDISK: [mem 0x35819000-0x36c03fff]
[    0.000000] ACPI: Early table checksum verification disabled
[    0.000000] ACPI: RSDP 0x00000000000E0000 000024 (v02 VBOX  )
[    0.000000] ACPI: XSDT 0x000000003FFF0030 00003C (v01 VBOX   VBOXXSDT 00000001 ASL  00000061)
[    0.000000] ACPI: FACP 0x000000003FFF00F0 0000F4 (v04 VBOX   VBOXFACP 00000001 ASL  00000061)
[    0.000000] ACPI: DSDT 0x000000003FFF0470 002325 (v02 VBOX   VBOXBIOS 00000002 INTL 20100528)
[    0.000000] ACPI: FACS 0x000000003FFF0200 000040
[    0.000000] ACPI: FACS 0x000000003FFF0200 000040
[    0.000000] ACPI: APIC 0x000000003FFF0240 00005C (v02 VBOX   VBOXAPIC 00000001 ASL  00000061)
[    0.000000] ACPI: SSDT 0x000000003FFF02A0 0001CC (v01 VBOX   VBOXCPUT 00000002 INTL 20100528)
[    0.000000] ACPI: Reserving FACP table memory at [mem 0x3fff00f0-0x3fff01e3]
[    0.000000] ACPI: Reserving DSDT table memory at [mem 0x3fff0470-0x3fff2794]
[    0.000000] ACPI: Reserving FACS table memory at [mem 0x3fff0200-0x3fff023f]
[    0.000000] ACPI: Reserving FACS table memory at [mem 0x3fff0200-0x3fff023f]
[    0.000000] ACPI: Reserving APIC table memory at [mem 0x3fff0240-0x3fff029b]
[    0.000000] ACPI: Reserving SSDT table memory at [mem 0x3fff02a0-0x3fff046b]
[    0.000000] No NUMA configuration found
[    0.000000] Faking a node at [mem 0x0000000000000000-0x000000003ffeffff]
[    0.000000] NODE_DATA(0) allocated [mem 0x3ffc5000-0x3ffeffff]
[    0.000000] kvm-clock: cpu 0, msr 0:3ff44001, primary cpu clock
[    0.000000] kvm-clock: Using msrs 4b564d01 and 4b564d00
[    0.000000] kvm-clock: using sched offset of 8301018453 cycles
[    0.000000] clocksource: kvm-clock: mask: 0xffffffffffffffff max_cycles: 0x1cd42e4dffb, max_idle_ns: 881590591483 ns
[    0.000000] Zone ranges:
[    0.000000]   DMA      [mem 0x0000000000001000-0x0000000000ffffff]
[    0.000000]   DMA32    [mem 0x0000000001000000-0x000000003ffeffff]
[    0.000000]   Normal   empty
[    0.000000]   Device   empty
[    0.000000] Movable zone start for each node
[    0.000000] Early memory node ranges
[    0.000000]   node   0: [mem 0x0000000000001000-0x000000000009efff]
[    0.000000]   node   0: [mem 0x0000000000100000-0x000000003ffeffff]
[    0.000000] Reserved but unavailable: 104 pages
[    0.000000] Initmem setup node 0 [mem 0x0000000000001000-0x000000003ffeffff]
[    0.000000] ACPI: PM-Timer IO Port: 0x4008
[    0.000000] IOAPIC[0]: apic_id 2, version 32, address 0xfec00000, GSI 0-23
[    0.000000] ACPI: INT_SRC_OVR (bus 0 bus_irq 0 global_irq 2 dfl dfl)
[    0.000000] ACPI: INT_SRC_OVR (bus 0 bus_irq 9 global_irq 9 low level)
[    0.000000] Using ACPI (MADT) for SMP configuration information
[    0.000000] smpboot: Allowing 2 CPUs, 0 hotplug CPUs
[    0.000000] PM: Registered nosave memory: [mem 0x00000000-0x00000fff]
[    0.000000] PM: Registered nosave memory: [mem 0x0009f000-0x0009ffff]
[    0.000000] PM: Registered nosave memory: [mem 0x000a0000-0x000effff]
[    0.000000] PM: Registered nosave memory: [mem 0x000f0000-0x000fffff]
[    0.000000] e820: [mem 0x40000000-0xfebfffff] available for PCI devices
[    0.000000] Booting paravirtualized kernel on KVM
[    0.000000] clocksource: refined-jiffies: mask: 0xffffffff max_cycles: 0xffffffff, max_idle_ns: 7645519600211568 ns
[    0.000000] setup_percpu: NR_CPUS:8192 nr_cpumask_bits:2 nr_cpu_ids:2 nr_node_ids:1
[    0.000000] percpu: Embedded 50 pages/cpu s167936 r8192 d28672 u1048576
[    0.000000] PV qspinlock hash table entries: 256 (order: 0, 4096 bytes)
[    0.000000] Built 1 zonelists, mobility grouping on.  Total pages: 257913
[    0.000000] Policy zone: DMA32
[    0.000000] Kernel command line: BOOT_IMAGE=/boot/vmlinuz-4.15.0-204-generic root=UUID=8c9df4af-2421-41f0-9879-928461d410ab ro console=tty1 console=ttyS0
[    0.000000] Memory: 981776K/1048120K available (12300K kernel code, 2477K rwdata, 4324K rodata, 2480K init, 2720K bss, 66344K reserved, 0K cma-reserved)
[    0.000000] SLUB: HWalign=64, Order=0-3, MinObjects=0, CPUs=2, Nodes=1
[    0.000000] Kernel/User page tables isolation: enabled
[    0.000000] ftrace: allocating 39488 entries in 155 pages
[    0.004000] Hierarchical RCU implementation.
[    0.004000] 	RCU restricting CPUs from NR_CPUS=8192 to nr_cpu_ids=2.
[    0.004000] 	Tasks RCU enabled.
[    0.004000] RCU: Adjusting geometry for rcu_fanout_leaf=16, nr_cpu_ids=2
[    0.004000] NR_IRQS: 524544, nr_irqs: 440, preallocated irqs: 16
[    0.004000] Console: colour VGA+ 80x25
[    0.004000] console [tty1] enabled
[    0.004000] console [ttyS0] enabled
[    0.004000] ACPI: Core revision 20170831
[    0.004000] ACPI: 2 ACPI AML tables successfully acquired and loaded
[    0.004000] APIC: Switch to symmetric I/O mode setup
[    0.008000] ..TIMER: vector=0x30 apic1=0 pin1=2 apic2=-1 pin2=-1
[    0.008006] tsc: Detected 2712.000 MHz processor
[    0.012024] Calibrating delay loop (skipped) preset value.. 5424.00 BogoMIPS (lpj=10848000)
[    0.016006] pid_max: default: 32768 minimum: 301
[    0.020110] Security Framework initialized
[    0.024004] Yama: becoming mindful.
[    0.028105] AppArmor: AppArmor initialized
[    0.039124] Dentry cache hash table entries: 131072 (order: 8, 1048576 bytes)
[    0.045134] Inode-cache hash table entries: 65536 (order: 7, 524288 bytes)
[    0.048143] Mount-cache hash table entries: 2048 (order: 2, 16384 bytes)
[    0.052109] Mountpoint-cache hash table entries: 2048 (order: 2, 16384 bytes)
[    0.060008] Last level iTLB entries: 4KB 64, 2MB 8, 4MB 8
[    0.064008] Last level dTLB entries: 4KB 64, 2MB 0, 4MB 0, 1GB 4
[    0.068009] Spectre V1 : Mitigation: usercopy/swapgs barriers and __user pointer sanitization
[    0.072006] Spectre V2 : Mitigation: Retpolines
[    0.076005] Spectre V2 : Spectre v2 / SpectreRSB mitigation: Filling RSB on context switch
[    0.080006] Spectre V2 : Spectre v2 / SpectreRSB : Filling RSB on VMEXIT
[    0.084006] RETBleed: WARNING: Spectre v2 mitigation leaves CPU vulnerable to RETBleed attacks, data leaks possible!
[    0.088006] RETBleed: Vulnerable
[    0.092004] Speculative Store Bypass: Vulnerable
[    0.096111] MDS: Mitigation: Clear CPU buffers
[    0.100008] MMIO Stale Data: Mitigation: Clear CPU buffers
[    0.104228] Freeing SMP alternatives memory: 36K
[    0.220669] smpboot: CPU0: Intel(R) Core(TM) i5-7200U CPU @ 2.50GHz (family: 0x6, model: 0x8e, stepping: 0x9)
[    0.224498] Performance Events: unsupported p6 CPU model 142 no PMU driver, software events only.
[    0.228157] Hierarchical SRCU implementation.
[    0.233167] NMI watchdog: Perf event create on CPU 0 failed with -2
[    0.236006] NMI watchdog: Perf NMI watchdog permanently disabled
[    0.240491] smp: Bringing up secondary CPUs ...
[    0.245326] x86: Booting SMP configuration:
[    0.248005] .... node  #0, CPUs:      #1
[    0.004000] kvm-clock: cpu 1, msr 0:3ff44041, secondary cpu clock
[    0.263106] TSC synchronization [CPU#0 -> CPU#1]:
[    0.264000] Measured 115356 cycles TSC warp between CPUs, turning off TSC clock.
[    0.264000] tsc: Marking TSC unstable due to check_tsc_sync_source failed
[    0.268353] smp: Brought up 1 node, 2 CPUs
[    0.272012] smpboot: Max logical packages: 1
[    0.276012] smpboot: Total of 2 processors activated (10848.00 BogoMIPS)
[    0.284004] devtmpfs: initialized
[    0.288119] x86/mm: Memory block size: 128MB
[    0.292498] evm: security.selinux
[    0.296005] evm: security.SMACK64
[    0.300003] evm: security.SMACK64EXEC
[    0.304004] evm: security.SMACK64TRANSMUTE
[    0.308003] evm: security.SMACK64MMAP
[    0.312004] evm: security.apparmor
[    0.316003] evm: security.ima
[    0.320005] evm: security.capability
[    0.328590] clocksource: jiffies: mask: 0xffffffff max_cycles: 0xffffffff, max_idle_ns: 7645041785100000 ns
[    0.332021] futex hash table entries: 512 (order: 3, 32768 bytes)
[    0.336318] pinctrl core: initialized pinctrl subsystem
[    0.344302] RTC time:  6:53:05, date: 02/17/23
[    0.353177] NET: Registered protocol family 16
[    0.360053] audit: initializing netlink subsys (disabled)
[    0.368136] audit: type=2000 audit(1676616794.686:1): state=initialized audit_enabled=0 res=1
[    0.380011] cpuidle: using governor ladder
[    0.384010] cpuidle: using governor menu
[    0.388086] ACPI: bus type PCI registered
[    0.392006] acpiphp: ACPI Hot Plug PCI Controller Driver version: 0.5
[    0.396920] PCI: Using configuration type 1 for base access
[    0.408513] HugeTLB registered 2.00 MiB page size, pre-allocated 0 pages
[    0.416693] ACPI: Added _OSI(Module Device)
[    0.420012] ACPI: Added _OSI(Processor Device)
[    0.424007] ACPI: Added _OSI(3.0 _SCP Extensions)
[    0.428008] ACPI: Added _OSI(Processor Aggregator Device)
[    0.432008] ACPI: Added _OSI(Linux-Dell-Video)
[    0.436009] ACPI: Added _OSI(Linux-Lenovo-NV-HDMI-Audio)
[    0.440006] ACPI: Added _OSI(Linux-HPI-Hybrid-Graphics)
[    0.445158] ACPI: Executed 1 blocks of module-level executable AML code
[    0.455499] ACPI: Interpreter enabled
[    0.456022] ACPI: (supports S0 S5)
[    0.460007] ACPI: Using IOAPIC for interrupt routing
[    0.464512] PCI: Using host bridge windows from ACPI; if necessary, use "pci=nocrs" and report a bug
[    0.468371] ACPI: Enabled 2 GPEs in block 00 to 07
[    0.490333] ACPI: PCI Root Bridge [PCI0] (domain 0000 [bus 00-ff])
[    0.492019] acpi PNP0A03:00: _OSC: OS supports [ASPM ClockPM Segments MSI]
[    0.501616] acpi PNP0A03:00: _OSC: not requesting OS control; OS requires [ExtendedConfig ASPM ClockPM MSI]
[    0.504033] acpi PNP0A03:00: fail to add MMCONFIG information, can't access extended PCI configuration space under this bridge.
[    0.509031] PCI host bridge to bus 0000:00
[    0.512008] pci_bus 0000:00: root bus resource [io  0x0000-0x0cf7 window]
[    0.516009] pci_bus 0000:00: root bus resource [io  0x0d00-0xffff window]
[    0.520013] pci_bus 0000:00: root bus resource [mem 0x000a0000-0x000bffff window]
[    0.524009] pci_bus 0000:00: root bus resource [mem 0x40000000-0xfdffffff window]
[    0.528006] pci_bus 0000:00: root bus resource [bus 00-ff]
[    0.541769] pci 0000:00:01.1: legacy IDE quirk: reg 0x10: [io  0x01f0-0x01f7]
[    0.544007] pci 0000:00:01.1: legacy IDE quirk: reg 0x14: [io  0x03f6]
[    0.548009] pci 0000:00:01.1: legacy IDE quirk: reg 0x18: [io  0x0170-0x0177]
[    0.552007] pci 0000:00:01.1: legacy IDE quirk: reg 0x1c: [io  0x0376]
[    0.586485] pci 0000:00:07.0: quirk: [io  0x4000-0x403f] claimed by PIIX4 ACPI
[    0.588051] pci 0000:00:07.0: quirk: [io  0x4100-0x410f] claimed by PIIX4 SMB
[    0.612334] ACPI: PCI Interrupt Link [LNKA] (IRQs 5 9 10 *11)
[    0.616703] ACPI: PCI Interrupt Link [LNKB] (IRQs 5 9 *10 11)
[    0.620288] ACPI: PCI Interrupt Link [LNKC] (IRQs 5 *9 10 11)
[    0.624373] ACPI: PCI Interrupt Link [LNKD] (IRQs 5 9 10 *11)
[    0.632534] SCSI subsystem initialized
[    0.636240] pci 0000:00:02.0: vgaarb: setting as boot VGA device
[    0.640000] pci 0000:00:02.0: vgaarb: VGA device added: decodes=io+mem,owns=io+mem,locks=none
[    0.640012] pci 0000:00:02.0: vgaarb: bridge control possible
[    0.644006] vgaarb: loaded
[    0.648108] ACPI: bus type USB registered
[    0.652024] usbcore: registered new interface driver usbfs
[    0.656026] usbcore: registered new interface driver hub
[    0.660025] usbcore: registered new device driver usb
[    0.664334] EDAC MC: Ver: 3.0.0
[    0.672374] PCI: Using ACPI for IRQ routing
[    0.677128] NetLabel: Initializing
[    0.680004] NetLabel:  domain hash size = 128
[    0.684002] NetLabel:  protocols = UNLABELED CIPSOv4 CALIPSO
[    0.688182] NetLabel:  unlabeled traffic allowed by default
[    0.692298] clocksource: Switched to clocksource kvm-clock
[    0.725444] VFS: Disk quotas dquot_6.6.0
[    0.725444] VFS: Dquot-cache hash table entries: 512 (order 0, 4096 bytes)
[    0.725444] AppArmor: AppArmor Filesystem Enabled
[    0.725444] pnp: PnP ACPI init
[    0.725444] pnp: PnP ACPI: found 3 devices
[    0.841680] clocksource: acpi_pm: mask: 0xffffff max_cycles: 0xffffff, max_idle_ns: 2085701024 ns
[    0.844578] NET: Registered protocol family 2
[    0.844578] IP idents hash table entries: 16384 (order: 5, 131072 bytes)
[    0.874028] TCP established hash table entries: 8192 (order: 4, 65536 bytes)
[    0.883828] TCP bind hash table entries: 8192 (order: 5, 131072 bytes)
[    0.887408] TCP: Hash tables configured (established 8192 bind 8192)
[    0.887408] UDP hash table entries: 512 (order: 2, 16384 bytes)
[    0.887408] UDP-Lite hash table entries: 512 (order: 2, 16384 bytes)
[    0.887408] NET: Registered protocol family 1
[    0.887408] pci 0000:00:00.0: Limiting direct PCI/PCI transfers
[    0.887408] pci 0000:00:01.0: Activating ISA DMA hang workarounds
[    0.887408] pci 0000:00:02.0: Video device with shadowed ROM at [mem 0x000c0000-0x000dffff]
[    0.887408] Unpacking initramfs...
[    1.555615] Freeing initrd memory: 20396K
[    1.562267] clocksource: tsc: mask: 0xffffffffffffffff max_cycles: 0x2717868ea45, max_idle_ns: 440795316085 ns
[    1.573934] platform rtc_cmos: registered platform RTC device (no PNP device found)
[    1.584139] Scanning for low memory corruption every 60 seconds
[    1.593896] Initialise system trusted keyrings
[    1.599178] Key type blacklist registered
[    1.605093] workingset: timestamp_bits=36 max_order=18 bucket_order=0
[    1.615736] zbud: loaded
[    1.620857] squashfs: version 4.0 (2009/01/31) Phillip Lougher
[    1.629511] fuse init (API version 7.26)
[    1.660504] Key type asymmetric registered
[    1.666037] Asymmetric key parser 'x509' registered
[    1.672158] Block layer SCSI generic (bsg) driver version 0.4 loaded (major 246)
[    1.681326] io scheduler noop registered
[    1.686779] io scheduler deadline registered
[    1.691971] io scheduler cfq registered (default)
[    1.698116] ACPI: AC Adapter [AC] (on-line)
[    1.703318] input: Power Button as /devices/LNXSYSTM:00/LNXPWRBN:00/input/input0
[    1.712847] ACPI: Power Button [PWRF]
[    1.718099] input: Sleep Button as /devices/LNXSYSTM:00/LNXSLPBN:00/input/input1
[    1.726435] ACPI: Sleep Button [SLPF]
[    1.734168] ACPI: Battery Slot [BAT0] (battery present)
[    1.740334] Serial: 8250/16550 driver, 32 ports, IRQ sharing enabled
[    1.782599] 00:02: ttyS0 at I/O 0x3f8 (irq = 4, base_baud = 115200) is a 16550A
[    1.793934] Linux agpgart interface v0.103
[    1.803737] loop: module loaded
[    1.811755] scsi host0: ata_piix
[    1.818313] scsi host1: ata_piix
[    1.822783] ata1: PATA max UDMA/33 cmd 0x1f0 ctl 0x3f6 bmdma 0xd000 irq 14
[    1.831205] ata2: PATA max UDMA/33 cmd 0x170 ctl 0x376 bmdma 0xd008 irq 15
[    1.840765] tun: Universal TUN/TAP device driver, 1.6
[    1.848330] PPP generic driver version 2.4.2
[    1.855136] ehci_hcd: USB 2.0 'Enhanced' Host Controller (EHCI) Driver
[    1.863824] ehci-pci: EHCI PCI platform driver
[    1.870222] ehci-platform: EHCI generic platform driver
[    1.876987] ohci_hcd: USB 1.1 'Open' Host Controller (OHCI) Driver
[    1.885674] ohci-pci: OHCI PCI platform driver
[    1.891811] ohci-platform: OHCI generic platform driver
[    1.898778] uhci_hcd: USB Universal Host Controller Interface driver
[    1.907889] i8042: PNP: PS/2 Controller [PNP0303:PS2K,PNP0f03:PS2M] at 0x60,0x64 irq 1,12
[    1.923337] serio: i8042 KBD port at 0x60,0x64 irq 1
[    1.930144] serio: i8042 AUX port at 0x60,0x64 irq 12
[    1.937351] mousedev: PS/2 mouse device common for all mice
[    1.950488] input: AT Translated Set 2 keyboard as /devices/platform/i8042/serio0/input/input2
[    1.969074] rtc_cmos rtc_cmos: rtc core: registered rtc_cmos as rtc0
[    1.981279] rtc_cmos rtc_cmos: alarms up to one day, 114 bytes nvram
[    1.993438] i2c /dev entries driver
[    2.000153] device-mapper: uevent: version 1.0.3
[    2.009501] device-mapper: ioctl: 4.37.0-ioctl (2017-09-20) initialised: dm-devel@redhat.com
[    2.038273] ledtrig-cpu: registered to indicate activity on CPUs
[    2.077043] NET: Registered protocol family 10
[    2.093031] Segment Routing with IPv6
[    2.098384] NET: Registered protocol family 17
[    2.104935] Key type dns_resolver registered
[    2.110938] mce: Using 0 MCE banks
[    2.115592] RAS: Correctable Errors collector initialized.
[    2.123005] sched_clock: Marking stable (2122913663, 0)->(3347251010, -1224337347)
[    2.138009] registered taskstats version 1
[    2.143454] Loading compiled-in X.509 certificates
[    2.155375] Loaded X.509 cert 'Build time autogenerated kernel key: 449f52b446813ee48ad446aa51a5377584e80c28'
[    2.168461] Loaded X.509 cert 'Canonical Ltd. Live Patch Signing: 14df34d1a87cf37625abec039ef2bf521249b969'
[    2.180305] Loaded X.509 cert 'Canonical Ltd. Kernel Module Signing: 88f752e560a1e0737e31163a466ad7b70a850c19'
[    2.192548] blacklist: Loading compiled-in revocation X.509 certificates
[    2.200454] Loaded X.509 cert 'Canonical Ltd. Secure Boot Signing: 61482aa2830d0ab2ad5af10b7250da9033ddcef0'
[    2.211843] Loaded X.509 cert 'Canonical Ltd. Secure Boot Signing (2017): 242ade75ac4a15e50d50c84b0d45ff3eae707a03'
[    2.224913] Loaded X.509 cert 'Canonical Ltd. Secure Boot Signing (ESM 2018): 365188c1d374d6b07c3c8f240f8ef722433d6a8b'
[    2.237703] Loaded X.509 cert 'Canonical Ltd. Secure Boot Signing (2019): c0746fd6c5da3ae827864651ad66ae47fe24b3e8'
[    2.250581] Loaded X.509 cert 'Canonical Ltd. Secure Boot Signing (2021 v1): a8d54bbb3825cfb94fa13c9f8a594a195c107b8d'
[    2.263315] Loaded X.509 cert 'Canonical Ltd. Secure Boot Signing (2021 v2): 4cf046892d6fd3c9a5b03f98d845f90851dc6a8c'
[    2.276760] Loaded X.509 cert 'Canonical Ltd. Secure Boot Signing (2021 v3): 100437bb6de6e469b581e61cd66bce3ef4ed53af'
[    2.290323] Loaded X.509 cert 'Canonical Ltd. Secure Boot Signing (Ubuntu Core 2019): c1d57b8f6b743f23ee41f4f7ee292f06eecadfb9'
[    2.303933] zswap: loaded using pool lzo/zbud
[    2.326107] Key type big_key registered
[    2.332568] Key type trusted registered
[    2.344571] Key type encrypted registered
[    2.350953] AppArmor: AppArmor sha1 policy hashing enabled
[    2.359001] ima: No TPM chip found, activating TPM-bypass! (rc=-19)
[    2.367559] ima: Allocated hash algorithm: sha1
[    2.374688] evm: HMAC attrs: 0x1
[    2.381136]   Magic number: 11:226:873
[    2.387998] rtc_cmos rtc_cmos: setting system clock to 2023-02-17 06:53:07 UTC (1676616787)
[    2.400739] BIOS EDD facility v0.16 2004-Jun-25, 0 devices found
[    2.409559] EDD information not available.
[    2.421262] Freeing unused kernel image memory: 2480K
[    2.445140] Write protecting the kernel read-only data: 20480k
[    2.459416] Freeing unused kernel image memory: 2008K
[    2.467867] Freeing unused kernel image memory: 1820K
[    2.479591] x86/mm: Checked W+X mappings: passed, no W+X pages found.
[    2.487619] x86/mm: Checking user space page tables
[    2.498786] x86/mm: Checked W+X mappings: passed, no W+X pages found.
Loading, please wait...
starting version 237
[    2.617135] Fusion MPT base driver 3.04.20
[    2.623065] Copyright (c) 1999-2008 LSI Corporation
[    2.662783] e1000: Intel(R) PRO/1000 Network Driver - version 7.3.21-k8-NAPI
[    2.671659] e1000: Copyright (c) 1999-2006 Intel Corporation.
[    2.698599] Fusion MPT SPI Host driver 3.04.20
[    2.915655] input: ImExPS/2 Generic Explorer Mouse as /devices/platform/i8042/serio1/input/input4
[    3.531736] e1000 0000:00:03.0 eth0: (PCI:33MHz:32-bit) 02:d4:40:b8:a4:a0
[    3.540534] e1000 0000:00:03.0 eth0: Intel(R) PRO/1000 Network Connection
[    3.552360] mptbase: ioc0: Initiating bringup
[    3.660622] ioc0: LSI53C1030 A0: Capabilities={Initiator}
[    3.930891] scsi host2: ioc0: LSI53C1030 A0, FwRev=00000000h, Ports=1, MaxQ=256, IRQ=20
[    4.111771] scsi 2:0:0:0: Direct-Access     VBOX     HARDDISK         1.0  PQ: 0 ANSI: 5
[    4.156210] scsi target2:0:0: Beginning Domain Validation
[    4.234344] scsi target2:0:0: Domain Validation skipping write tests
[    4.242807] scsi target2:0:0: Ending Domain Validation
[    4.251170] scsi target2:0:0: asynchronous
[    4.262462] scsi 2:0:1:0: Direct-Access     VBOX     HARDDISK         1.0  PQ: 0 ANSI: 5
[    4.636301] scsi target2:0:1: Beginning Domain Validation
[    4.650749] scsi target2:0:1: Domain Validation skipping write tests
[    4.658141] scsi target2:0:1: Ending Domain Validation
[    4.665907] scsi target2:0:1: asynchronous
[    4.686987] sd 2:0:0:0: Attached scsi generic sg0 type 0
[    4.696023] sd 2:0:1:0: [sdb] 20480 512-byte logical blocks: (10.5 MB/10.0 MiB)
[    4.705066] sd 2:0:1:0: Attached scsi generic sg1 type 0
[    4.711952] sd 2:0:1:0: [sdb] Write Protect is off
[    4.718769] sd 2:0:1:0: [sdb] Incomplete mode parameter data
[    4.725243] sd 2:0:1:0: [sdb] Assuming drive cache: write through
[    4.726971] sd 2:0:0:0: [sda] 83886080 512-byte logical blocks: (42.9 GB/40.0 GiB)
[    4.744756] sd 2:0:0:0: [sda] Write Protect is off
[    4.753154] sd 2:0:0:0: [sda] Incomplete mode parameter data
[    4.760839] sd 2:0:0:0: [sda] Assuming drive cache: write through
[    4.779867] sd 2:0:1:0: [sdb] Attached SCSI disk
[    4.789017]  sda: sda1
[    4.801825] sd 2:0:0:0: [sda] Attached SCSI disk
[    5.030046] e1000 0000:00:08.0 eth1: (PCI:33MHz:32-bit) 08:00:27:bc:a2:2a
[    5.038394] e1000 0000:00:08.0 eth1: Intel(R) PRO/1000 Network Connection
[    6.289974] e1000 0000:00:09.0 eth2: (PCI:33MHz:32-bit) 08:00:27:04:f0:bc
[    6.298697] e1000 0000:00:09.0 eth2: Intel(R) PRO/1000 Network Connection
[    6.313513] e1000 0000:00:08.0 enp0s8: renamed from eth1
[    7.560286] e1000 0000:00:09.0 enp0s9: renamed from eth2
[    7.598254] e1000 0000:00:03.0 enp0s3: renamed from eth0
Begin: Loading essential drivers ... [   14.558397] raid6: sse2x1   gen() 131066 MB/s
[   16.553246] raid6: sse2x1   xor() 173820 MB/s
[   17.563398] raid6: sse2x2   gen() 289266 MB/s
[   18.556974] raid6: sse2x2   xor() 192186 MB/s
[   19.601075] raid6: sse2x4   gen() 12644 MB/s
[   19.652821] raid6: sse2x4   xor()  8145 MB/s
[   19.658847] raid6: using algorithm sse2x2 gen() 289266 MB/s
[   19.666482] raid6: .... xor() 192186 MB/s, rmw enabled
[   19.673423] raid6: using ssse3x2 recovery algorithm
[   19.683302] xor: measuring software checksum speed
[   19.793294]    prefetch64-sse: 44407.000 MB/sec
[   19.910661]    generic_sse: 37520.000 MB/sec
[   19.918397] xor: using function: prefetch64-sse (44407.000 MB/sec)
[   19.933694] async_tx: api initialized (async)
done.
Begin: Running /scripts/init-premount ... done.
Begin: Mounting root file system ... Begin: Running /scripts/local-top ... done.
Begin: Running /scripts/local-premount ... [   20.044231] Btrfs loaded, crc32c=crc32c-intel
Scanning for Btrfs filesystems
done.
Begin: Will now check root file system ... fsck from util-linux 2.31.1
[/sbin/fsck.ext4 (1) -- /dev/sda1] fsck.ext4 -a -C0 /dev/sda1 
cloudimg-rootfs: clean, 106189/5120000 files, 855152/10485499 blocks
done.
[   20.194440] EXT4-fs (sda1): mounted filesystem with ordered data mode. Opts: (null)
done.
Begin: Running /scripts/local-bottom ... done.
Begin: Running /scripts/init-bottom ... done.
[   21.700295] ip_tables: (C) 2000-2006 Netfilter Core Team
[   21.864791] systemd[1]: systemd 237 running in system mode. (+PAM +AUDIT +SELINUX +IMA +APPARMOR +SMACK +SYSVINIT +UTMP +LIBCRYPTSETUP +GCRYPT +GNUTLS +ACL +XZ +LZ4 +SECCOMP +BLKID +ELFUTILS +KMOD -IDN2 +IDN -PCRE2 default-hierarchy=hybrid)
[   21.889269] systemd[1]: Detected virtualization oracle.
[   21.896240] systemd[1]: Detected architecture x86-64.

Welcome to [1mUbuntu 18.04.6 LTS[0m!

[   21.976380] systemd[1]: Set hostname to <ubuntu-bionic>.
[   22.883505] random: crng init done
[   24.509270] systemd[1]: Reached target User and Group Name Lookups.
[[0;32m  OK  [0m] Reached target User and Group Name Lookups.
[   24.525498] systemd[1]: Reached target System Time Synchronized.
[[0;32m  OK  [0m] Reached target System Time Synchronized.
[   24.539234] systemd[1]: Started Forward Password Requests to Wall Directory Watch.
[[0;32m  OK  [0m] Started Forward Password Requests to Wall Directory Watch.
[   24.569641] systemd[1]: Created slice System Slice.
[[0;32m  OK  [0m] Created slice System Slice.
[   24.581691] systemd[1]: Listening on Journal Audit Socket.
[[0;32m  OK  [0m] Listening on Journal Audit Socket.
[   24.594336] systemd[1]: Created slice system-serial\x2dgetty.slice.
[[0;32m  OK  [0m] Created slice system-serial\x2dgetty.slice.
[[0;32m  OK  [0m] Listening on Journal Socket.
         Starting Create list of required st…ce nodes for the current kernel...
         Starting Uncomplicated firewall...
         Mounting Kernel Debug File System...
[[0;32m  OK  [0m] Listening on /dev/initctl Compatibility Named Pipe.
[[0;32m  OK  [0m] Listening on fsck to fsckd communication Socket.
[[0;32m  OK  [0m] Listening on Syslog Socket.
[[0;32m  OK  [0m] Listening on udev Kernel Socket.
         Mounting POSIX Message Queue File System...
         Starting Remount Root and Kernel File Systems...
[[0;32m  OK  [0m] Reached target Swap.
[[0;32m  OK  [0m] Listening on Network Service Netlink Socket.
[[0;32m  OK  [0m] Listening on Device-mapper event daemon FIFOs.
[[0;32m  OK  [0m] Created slice User and Session Slice.
[[0;32m  OK  [0m] Reached target Slices.
[[0;32m  OK  [0m] Listening on udev Control Socket.
         Starting udev Coldplug all Devices...
         Starting Set the console keyboard layout...
         Mounting Huge Pages File System...
[[0;32m  OK  [0m] Listening on LVM2 poll daemon socket.
[[0;32m  OK  [0m] Listening on Journal Socket (/dev/log).
         Starting Journal Service...
[[0;32m  OK  [0m] Set up automount Arbitrary Executab…rmats File System Automount Point.
[[0;32m  OK  [0m] Listening on LVM2 metadata daemon socket.
         Starting Monitoring of LVM2 mirrors…ng dmeventd or progress polling...
[   24.878432] EXT4-fs (sda1): re-mounted. Opts: (null)
         Starting Load Kernel Modules...
[[0;32m  OK  [0m] Started Create list of required sta…vice nodes for the current kernel.
[[0;32m  OK  [0m] Started Uncomplicated firewall.
[[0;32m  OK  [0m] Mounted Kernel Debug File System.
[[0;32m  OK  [0m] Mounted POSIX Message Queue File System.
[[0;32m  OK  [0m] Started Remount Root and Kernel File Systems.
[[0;32m  OK  [0m] Mounted Huge Pages File System.
         Starting Load/Save Random Seed...
         Starting Create Static Device Nodes in /dev...
[[0;32m  OK  [0m] Started udev Coldplug all Devices.
[[0;32m  OK  [0m] Started LVM2 metadata daemon.
[[0;32m  OK  [0m] Started Journal Service.
         Starting Flush Journal to Persistent Storage...
[[0;32m  OK  [0m] Started Load/Save Random Seed.
[   25.464471] systemd-journald[389]: Received request to flush runtime journal from PID 1
[[0;32m  OK  [0m] Started Set the console keyboard layout.
[   25.646317] Loading iSCSI transport class v2.0-870.
[[0;32m  OK  [0m] Started Monitoring of LVM2 mirrors,…sing dmeventd or progress polling.
[   25.960782] iscsi: registered transport (tcp)
[[0;32m  OK  [0m] Started Create Static Device Nodes in /dev.
         Starting udev Kernel Device Manager...
[[0;32m  OK  [0m] Reached target Local File Systems (Pre).
[[0;32m  OK  [0m] Reached target Local File Systems.
         Starting Tell Plymouth To Write Out Runtime Data...
         Starting Set console font and keymap...
         Starting ebtables ruleset management...
         Starting AppArmor initialization...
[[0;32m  OK  [0m] Started Tell Plymouth To Write Out Runtime Data.
[[0;32m  OK  [0m] Started Set console font and keymap.
[[0;32m  OK  [0m] Started Flush Journal to Persistent Storage.
         Starting Create Volatile Files and Directories...
[[0;32m  OK  [0m] Started udev Kernel Device Manager.
[[0;32m  OK  [0m] Started Dispatch Password Requests to Console Directory Watch.
[[0;32m  OK  [0m] Reached target Local Encrypted Volumes.
[   26.970477] iscsi: registered transport (iser)
[[0;32m  OK  [0m] Started Load Kernel Modules.
         Mounting FUSE Control File System...
         Starting Apply Kernel Variables...
         Mounting Kernel Configuration File System...
[[0;32m  OK  [0m] Mounted Kernel Configuration File System.
[[0;32m  OK  [0m] Mounted FUSE Control File System.
[[0;32m  OK  [0m] Started Create Volatile Files and Directories.
         Starting Update UTMP about System Boot/Shutdown...
[[0;32m  OK  [0m] Started Update UTMP about System Boot/Shutdown.
[[0;32m  OK  [0m] Started Apply Kernel Variables.
[[0;32m  OK  [0m] Started ebtables ruleset management.
[[0;32m  OK  [0m] Found device /dev/ttyS0.
[[0;32m  OK  [0m] Listening on Load/Save RF Kill Switch Status /dev/rfkill Watch.
[[0;32m  OK  [0m] Started AppArmor initialization.
         Starting Load AppArmor profiles managed internally by snapd...
         Starting Initial cloud-init job (pre-networking)...
         Mounting Arbitrary Executable File Formats File System...
[[0;32m  OK  [0m] Mounted Arbitrary Executable File Formats File System.
[[0;32m  OK  [0m] Started Load AppArmor profiles managed internally by snapd.
[   37.201212] cloud-init[536]: Cloud-init v. 22.3.4-0ubuntu1~18.04.1 running 'init-local' at Fri, 17 Feb 2023 06:53:41 +0000. Up 36.56 seconds.
[[0;32m  OK  [0m] Started Initial cloud-init job (pre-networking).
[[0;32m  OK  [0m] Reached target Network (Pre).
         Starting Network Service...
[[0;32m  OK  [0m] Started Network Service.
         Starting Wait for Network to be Configured...
         Starting Network Name Resolution...
[[0;32m  OK  [0m] Started Network Name Resolution.
[[0;32m  OK  [0m] Reached target Host and Network Name Lookups.
[[0;32m  OK  [0m] Reached target Network.
[[0;32m  OK  [0m] Started Wait for Network to be Configured.
         Starting Initial cloud-init job (metadata service crawler)...
[   39.867583] cloud-init[662]: Cloud-init v. 22.3.4-0ubuntu1~18.04.1 running 'init' at Fri, 17 Feb 2023 06:53:44 +0000. Up 39.66 seconds.
[   39.874098] cloud-init[662]: ci-info: ++++++++++++++++++++++++++++++++++++++Net device info+++++++++++++++++++++++++++++++++++++++
[   39.879296] cloud-init[662]: ci-info: +--------+-------+----------------------------+---------------+--------+-------------------+
[   39.885079] cloud-init[662]: ci-info: | Device |   Up  |          Address           |      Mask     | Scope  |     Hw-Address    |
[   39.890724] cloud-init[662]: ci-info: +--------+-------+----------------------------+---------------+--------+-------------------+
[   39.896537] cloud-init[662]: ci-info: | enp0s3 |  True |         10.0.2.15          | 255.255.255.0 | global | 02:d4:40:b8:a4:a0 |
[   39.903112] cloud-init[662]: ci-info: | enp0s3 |  True | fe80::d4:40ff:feb8:a4a0/64 |       .       |  link  | 02:d4:40:b8:a4:a0 |
[   39.910498] cloud-init[662]: ci-info: | enp0s8 | False |             .              |       .       |   .    | 08:00:27:bc:a2:2a |
[   39.918975] cloud-init[662]: ci-info: | enp0s9 | False |             .              |       .       |   .    | 08:00:27:04:f0:bc |
[   39.927449] cloud-init[662]: ci-info: |   lo   |  True |         127.0.0.1          |   255.0.0.0   |  host  |         .         |
[   39.937955] cloud-init[662]: ci-info: |   lo   |  True |          ::1/128           |       .       |  host  |         .         |
[   39.946248] cloud-init[662]: ci-info: +--------+-------+----------------------------+---------------+--------+-------------------+
[   39.954465] cloud-init[662]: ci-info: ++++++++++++++++++++++++++++Route IPv4 info+++++++++++++++++++++++++++++
[   39.962267] cloud-init[662]: ci-info: +-------+-------------+----------+-----------------+-----------+-------+
[   39.969674] cloud-init[662]: ci-info: | Route | Destination | Gateway  |     Genmask     | Interface | Flags |
[   39.978388] cloud-init[662]: ci-info: +-------+-------------+----------+-----------------+-----------+-------+
[   39.985837] cloud-init[662]: ci-info: |   0   |   0.0.0.0   | 10.0.2.2 |     0.0.0.0     |   enp0s3  |   UG  |
[   39.995173] cloud-init[662]: ci-info: |   1   |   10.0.2.0  | 0.0.0.0  |  255.255.255.0  |   enp0s3  |   U   |
[   40.004536] cloud-init[662]: ci-info: |   2   |   10.0.2.2  | 0.0.0.0  | 255.255.255.255 |   enp0s3  |   UH  |
[   40.013382] cloud-init[662]: ci-info: +-------+-------------+----------+-----------------+-----------+-------+
[   40.022322] cloud-init[662]: ci-info: +++++++++++++++++++Route IPv6 info+++++++++++++++++++
[   40.030830] cloud-init[662]: ci-info: +-------+-------------+---------+-----------+-------+
[   40.039070] cloud-init[662]: ci-info: | Route | Destination | Gateway | Interface | Flags |
[   40.046645] cloud-init[662]: ci-info: +-------+-------------+---------+-----------+-------+
[   40.053783] cloud-init[662]: ci-info: |   1   |  fe80::/64  |    ::   |   enp0s3  |   U   |
[   40.060656] cloud-init[662]: ci-info: |   3   |    local    |    ::   |   enp0s3  |   U   |
[   40.067249] cloud-init[662]: ci-info: |   4   |   ff00::/8  |    ::   |   enp0s3  |   U   |
[   40.075334] cloud-init[662]: ci-info: +-------+-------------+---------+-----------+-------+
[[0;32m  OK  [0m] Started Initial cloud-init job (metadata service crawler).
[[0;32m  OK  [0m] Reached target Cloud-config availability.
[[0;32m  OK  [0m] Reached target Network is Online.
         Starting Availability of block devices...
[[0;32m  OK  [0m] Reached target Remote File Systems (Pre).
         Mounting /vagrant...
[[0;32m  OK  [0m] Reached target System Initialization.
[[0;32m  OK  [0m] Started Message of the Day.
[[0;32m  OK  [0m] Started ACPI Events Check.
[[0;32m  OK  [0m] Started Daily apt download activities.
[[0;32m  OK  [0m] Started Discard unused blocks once a week.
[[0;32m  OK  [0m] Listening on ACPID Listen Socket.
[[0;32m  OK  [0m] Listening on D-Bus System Message Bus Socket.
[[0;32m  OK  [0m] Started Daily Cleanup of Temporary Directories.
[[0;32m  OK  [0m] Started Clean PHP session files every 30 mins.
         Starting Socket activation for snappy daemon.
[[0;32m  OK  [0m] Listening on cloud-init hotplug hook socket.
[[0;32m  OK  [0m] Started Daily apt upgrade and clean activities.
[[0;32m  OK  [0m] Listening on UUID daemon activation socket.
[[0;32m  OK  [0m] Started Ubuntu Advantage Timer for running repeated jobs.
[[0;32m  OK  [0m] Reached target Timers.
         Starting LXD - unix socket.
[[0;32m  OK  [0m] Reached target Paths.
[[0;32m  OK  [0m] Listening on Open-iSCSI iscsid Socket.
[[0;32m  OK  [0m] Started Availability of block devices.
[[0;32m  OK  [0m] Mounted /vagrant.
[[0;32m  OK  [0m] Listening on Socket activation for snappy daemon.
[[0;32m  OK  [0m] Listening on LXD - unix socket.
[[0;32m  OK  [0m] Reached target Sockets.
[[0;32m  OK  [0m] Reached target Basic System.
         Starting Accounts Service...
         Starting Virtualbox guest utils...
         Starting System Logging Service...
[[0;32m  OK  [0m] Started D-Bus System Message Bus.
[[0;32m  OK  [0m] Started irqbalance daemon.
[[0;32m  OK  [0m] Started FUSE filesystem for LXC.
[[0;32m  OK  [0m] Reached target Login Prompts (Pre).
         Starting OpenBSD Secure Shell server...
         Starting LSB: Record successful boot for GRUB...
[[0;32m  OK  [0m] Started Regular background program processing daemon.
         Starting MySQL Community Server...
         Starting Login Service...
[[0;32m  OK  [0m] Started Deferred execution scheduler.
         Starting LXD - container startup/shutdown...
         Starting Dispatcher daemon for systemd-networkd...
         Starting Snap Daemon...
[[0;32m  OK  [0m] Reached target Remote File Systems.
         Starting LSB: automatic crash report generation...
         Starting The Apache HTTP Server...
         Starting Permit User Sessions...
[[0;32m  OK  [0m] Started System Logging Service.
         Starting Authorization Manager...
[[0;32m  OK  [0m] Started Permit User Sessions.
         Starting Hold until boot process finishes up...
         Starting Terminate Plymouth Boot Screen...
[[0;32m  OK  [0m] Started Hold until boot process finishes up.
         Starting Set console scheme...
[[0;32m  OK  [0m] Started Serial Getty on ttyS0.
[[0;32m  OK  [0m] Started Terminate Plymouth Boot Screen.
[[0;32m  OK  [0m] Started Login Service.
[[0;32m  OK  [0m] Started Unattended Upgrades Shutdown.
[[0;32m  OK  [0m] Started Set console scheme.
[[0;32m  OK  [0m] Created slice system-getty.slice.
[[0;32m  OK  [0m] Started Getty on tty1.
[[0;32m  OK  [0m] Reached target Login Prompts.
[[0;32m  OK  [0m] Started LSB: automatic crash report generation.
[[0;32m  OK  [0m] Started Authorization Manager.
[[0;32m  OK  [0m] Started Accounts Service.
[[0;32m  OK  [0m] Started LSB: Record successful boot for GRUB.
[[0;32m  OK  [0m] Started Virtualbox guest utils.
[[0;32m  OK  [0m] Started Dispatcher daemon for systemd-networkd.
[[0;32m  OK  [0m] Started OpenBSD Secure Shell server.

Ubuntu 18.04.6 LTS ubuntu-bionic ttyS0

ubuntu-bionic login: [   55.964645] cloud-init[1363]: Cloud-init v. 22.3.4-0ubuntu1~18.04.1 running 'modules:config' at Fri, 17 Feb 2023 06:54:00 +0000. Up 55.40 seconds.
[   61.854164] cloud-init[1690]: Cloud-init v. 22.3.4-0ubuntu1~18.04.1 running 'modules:final' at Fri, 17 Feb 2023 06:54:06 +0000. Up 61.59 seconds.
[   61.873259] cloud-init[1690]: Cloud-init v. 22.3.4-0ubuntu1~18.04.1 finished at Fri, 17 Feb 2023 06:54:06 +0000. Datasource DataSourceNoCloud [seed=/dev/sdb][dsmode=net].  Up 61.80 seconds
[[0;32m  OK  [0m] Stopped target Graphical Interface.
         Stopping Authorization Manager...
[[0;32m  OK  [0m] Stopped target Cloud-init target.
[[0;32m  OK  [0m] Stopped Execute cloud user/final scripts.
[[0;32m  OK  [0m] Stopped Apply the settings specified in cloud-config.
[[0;32m  OK  [0m] Stopped target Cloud-config availability.
[[0;32m  OK  [0m] Stopped target Multi-User System.
         Stopping Dispatcher daemon for systemd-networkd...
         Stopping LXD - container startup/shutdown...
         Stopping System Logging Service...
         Stopping Virtualbox guest utils...
         Stopping Deferred execution scheduler...
         Stopping Availability of block devices...
         Stopping D-Bus System Message Bus...
         Stopping User Manager for UID 1000...
         Stopping LSB: Record successful boot for GRUB...
[[0;32m  OK  [0m] Stopped Wait until snapd is fully seeded.
         Stopping LSB: automatic crash report generation...
         Stopping Regular background program processing daemon...
         Stopping Accounts Service...
         Stopping OpenBSD Secure Shell server...
         Stopping MySQL Community Server...
         Stopping FUSE filesystem for LXC...
[[0;32m  OK  [0m] Closed Load/Save RF Kill Switch Status /dev/rfkill Watch.
[[0;32m  OK  [0m] Stopped target Login Prompts.
         Stopping Serial Getty on ttyS0...
[[0;32m  OK  [0m] Stopped target Timers.
[[0;32m  OK  [0m] Stopped Clean PHP session files every 30 mins.
[[0;32m  OK  [0m] Stopped Daily apt upgrade and clean activities.
[[0;32m  OK  [0m] Stopped Daily apt download activities.
[[0;32m  OK  [0m] Stopped Message of the Day.
[[0;32m  OK  [0m] Stopped Ubuntu Advantage Timer for running repeated jobs.
[[0;32m  OK  [0m] Stopped Discard unused blocks once a week.
[[0;32m  OK  [0m] Stopped target System Time Synchronized.
         Stopping The Apache HTTP Server...
         Stopping irqbalance daemon...
         Stopping Session 6 of user vagrant.
[[0;32m  OK  [0m] Stopped Daily Cleanup of Temporary Directories.
         Stopping Getty on tty1...
[[0;32m  OK  [0m] Unmounted /var/lib/lxcfs.
[[0;32m  OK  [0m] Stopped Accounts Service.
[[0;32m  OK  [0m] Stopped System Logging Service.
[[0;32m  OK  [0m] Stopped irqbalance daemon.
[[0;32m  OK  [0m] Stopped Regular background program processing daemon.
[[0;32m  OK  [0m] Stopped Deferred execution scheduler.
[[0;32m  OK  [0m] Stopped Dispatcher daemon for systemd-networkd.
[[0;32m  OK  [0m] Stopped Authorization Manager.
[[0;32m  OK  [0m] Stopped Serial Getty on ttyS0.
[[0;32m  OK  [0m] Stopped Getty on tty1.
[[0;32m  OK  [0m] Stopped OpenBSD Secure Shell server.
[[0;32m  OK  [0m] Stopped User Manager for UID 1000.
[[0;32m  OK  [0m] Stopped D-Bus System Message Bus.
[[0;32m  OK  [0m] Stopped FUSE filesystem for LXC.
[[0;32m  OK  [0m] Stopped Session 6 of user vagrant.
[[0;32m  OK  [0m] Removed slice User Slice of vagrant.
         Stopping Login Service...
[[0;32m  OK  [0m] Removed slice system-getty.slice.
[[0;32m  OK  [0m] Removed slice system-serial\x2dgetty.slice.
[[0;32m  OK  [0m] Stopped target Login Prompts (Pre).
         Stopping Permit User Sessions...
[[0;32m  OK  [0m] Stopped LXD - container startup/shutdown.
[[0;32m  OK  [0m] Stopped Availability of block devices.
[[0;32m  OK  [0m] Stopped Permit User Sessions.
[[0;32m  OK  [0m] Stopped Login Service.
[[0;32m  OK  [0m] Stopped target User and Group Name Lookups.
[[0;32m  OK  [0m] Stopped LSB: Record successful boot for GRUB.
[[0;32m  OK  [0m] Stopped LSB: automatic crash report generation.
[[0;32m  OK  [0m] Stopped Virtualbox guest utils.
[[0;32m  OK  [0m] Stopped The Apache HTTP Server.
[[0;32m  OK  [0m] Stopped target Remote File Systems.
         Unmounting /vagrant...
[[0;32m  OK  [0m] Stopped target Host and Network Name Lookups.
[[0;32m  OK  [0m] Unmounted /vagrant.
[[0;32m  OK  [0m] Stopped target Remote File Systems (Pre).
[[0;32m  OK  [0m] Stopped target Network is Online.
[[0;32m  OK  [0m] Stopped MySQL Community Server.
[[0;32m  OK  [0m] Stopped target Network.
         Stopping Network Name Resolution...
[[0;32m  OK  [0m] Stopped target Basic System.
[[0;32m  OK  [0m] Stopped target Slices.
[[0;32m  OK  [0m] Removed slice User and Session Slice.
[[0;32m  OK  [0m] Stopped target Paths.
[[0;32m  OK  [0m] Stopped ACPI Events Check.
[[0;32m  OK  [0m] Stopped target Sockets.
[[0;32m  OK  [0m] Closed UUID daemon activation socket.
[[0;32m  OK  [0m] Closed D-Bus System Message Bus Socket.
[[0;32m  OK  [0m] Closed ACPID Listen Socket.
[[0;32m  OK  [0m] Closed Syslog Socket.
[[0;32m  OK  [0m] Closed LXD - unix socket.
[[0;32m  OK  [0m] Closed Socket activation for snappy daemon.
[[0;32m  OK  [0m] Closed Open-iSCSI iscsid Socket.
[[0;32m  OK  [0m] Closed cloud-init hotplug hook socket.
[[0;32m  OK  [0m] Stopped target System Initialization.
[[0;32m  OK  [0m] Stopped target Local Encrypted Volumes.
[[0;32m  OK  [0m] Stopped Forward Password Requests to Wall Directory Watch.
[[0;32m  OK  [0m] Stopped Dispatch Password Requests to Console Directory Watch.
         Stopping Load/Save Random Seed...
         Stopping Update UTMP about System Boot/Shutdown...
[[0;32m  OK  [0m] Stopped Initial cloud-init job (metadata service crawler).
[[0;32m  OK  [0m] Stopped Network Name Resolution.
         Stopping Network Service...
[[0;32m  OK  [0m] Stopped Load/Save Random Seed.
[[0;32m  OK  [0m] Stopped Update UTMP about System Boot/Shutdown.
[[0;32m  OK  [0m] Stopped Create Volatile Files and Directories.
[[0;32m  OK  [0m] Stopped target Local File Systems.
         Unmounting /run/user/1000...
[[0;32m  OK  [0m] Unmounted /run/user/1000.
[[0;32m  OK  [0m] Reached target Unmount All Filesystems.
[[0;32m  OK  [0m] Stopped target Local File Systems (Pre).
         Stopping Monitoring of LVM2 mirrors…ng dmeventd or progress polling...
[[0;32m  OK  [0m] Stopped Create Static Device Nodes in /dev.
[[0;32m  OK  [0m] Stopped target Swap.
[[0;32m  OK  [0m] Stopped Network Service.
[[0;32m  OK  [0m] Stopped target Network (Pre).
[[0;32m  OK  [0m] Stopped Initial cloud-init job (pre-networking).
[[0;32m  OK  [0m] Stopped Remount Root and Kernel File Systems.
[[0;32m  OK  [0m] Stopped Apply Kernel Variables.
[[0;32m  OK  [0m] Stopped Load Kernel Modules.
[[0;32m  OK  [0m] Reached target Shutdown.
[[0;32m  OK  [0m] Reached target Final Step.
         Starting Power-Off...
[[0;32m  OK  [0m] Stopped Monitoring of LVM2 mirrors,…sing dmeventd or progress polling.
         Stopping LVM2 metadata daemon...
[[0;32m  OK  [0m] Stopped LVM2 metadata daemon.
[  490.561548] reboot: Power down
